ARM GAS  /tmp/ccS5hMJ4.s 			page 1


   1              		.cpu cortex-m4
   2              		.eabi_attribute 27, 1
   3              		.eabi_attribute 28, 1
   4              		.eabi_attribute 20, 1
   5              		.eabi_attribute 21, 1
   6              		.eabi_attribute 23, 3
   7              		.eabi_attribute 24, 1
   8              		.eabi_attribute 25, 1
   9              		.eabi_attribute 26, 1
  10              		.eabi_attribute 30, 2
  11              		.eabi_attribute 34, 1
  12              		.eabi_attribute 18, 4
  13              		.file	"gpio.c"
  14              		.text
  15              	.Ltext0:
  16              		.cfi_sections	.debug_frame
  17              		.section	.text.MX_GPIO_Init,"ax",%progbits
  18              		.align	1
  19              		.p2align 2,,3
  20              		.global	MX_GPIO_Init
  21              		.arch armv7e-m
  22              		.syntax unified
  23              		.thumb
  24              		.thumb_func
  25              		.fpu fpv4-sp-d16
  27              	MX_GPIO_Init:
  28              	.LFB126:
  29              		.file 1 "Src/gpio.c"
   1:Src/gpio.c    **** /**
   2:Src/gpio.c    ****   ******************************************************************************
   3:Src/gpio.c    ****   * File Name          : gpio.c
   4:Src/gpio.c    ****   * Description        : This file provides code for the configuration
   5:Src/gpio.c    ****   *                      of all used GPIO pins.
   6:Src/gpio.c    ****   ******************************************************************************
   7:Src/gpio.c    ****   ** This notice applies to any and all portions of this file
   8:Src/gpio.c    ****   * that are not between comment pairs USER CODE BEGIN and
   9:Src/gpio.c    ****   * USER CODE END. Other portions of this file, whether 
  10:Src/gpio.c    ****   * inserted by the user or by software development tools
  11:Src/gpio.c    ****   * are owned by their respective copyright owners.
  12:Src/gpio.c    ****   *
  13:Src/gpio.c    ****   * COPYRIGHT(c) 2019 STMicroelectronics
  14:Src/gpio.c    ****   *
  15:Src/gpio.c    ****   * Redistribution and use in source and binary forms, with or without modification,
  16:Src/gpio.c    ****   * are permitted provided that the following conditions are met:
  17:Src/gpio.c    ****   *   1. Redistributions of source code must retain the above copyright notice,
  18:Src/gpio.c    ****   *      this list of conditions and the following disclaimer.
  19:Src/gpio.c    ****   *   2. Redistributions in binary form must reproduce the above copyright notice,
  20:Src/gpio.c    ****   *      this list of conditions and the following disclaimer in the documentation
  21:Src/gpio.c    ****   *      and/or other materials provided with the distribution.
  22:Src/gpio.c    ****   *   3. Neither the name of STMicroelectronics nor the names of its contributors
  23:Src/gpio.c    ****   *      may be used to endorse or promote products derived from this software
  24:Src/gpio.c    ****   *      without specific prior written permission.
  25:Src/gpio.c    ****   *
  26:Src/gpio.c    ****   * THIS SOFTWARE IS PROVIDED BY THE COPYRIGHT HOLDERS AND CONTRIBUTORS "AS IS"
  27:Src/gpio.c    ****   * AND ANY EXPRESS OR IMPLIED WARRANTIES, INCLUDING, BUT NOT LIMITED TO, THE
  28:Src/gpio.c    ****   * IMPLIED WARRANTIES OF MERCHANTABILITY AND FITNESS FOR A PARTICULAR PURPOSE ARE
  29:Src/gpio.c    ****   * DISCLAIMED. IN NO EVENT SHALL THE COPYRIGHT HOLDER OR CONTRIBUTORS BE LIABLE
ARM GAS  /tmp/ccS5hMJ4.s 			page 2


  30:Src/gpio.c    ****   * FOR ANY DIRECT, INDIRECT, INCIDENTAL, SPECIAL, EXEMPLARY, OR CONSEQUENTIAL
  31:Src/gpio.c    ****   * DAMAGES (INCLUDING, BUT NOT LIMITED TO, PROCUREMENT OF SUBSTITUTE GOODS OR
  32:Src/gpio.c    ****   * SERVICES; LOSS OF USE, DATA, OR PROFITS; OR BUSINESS INTERRUPTION) HOWEVER
  33:Src/gpio.c    ****   * CAUSED AND ON ANY THEORY OF LIABILITY, WHETHER IN CONTRACT, STRICT LIABILITY,
  34:Src/gpio.c    ****   * OR TORT (INCLUDING NEGLIGENCE OR OTHERWISE) ARISING IN ANY WAY OUT OF THE USE
  35:Src/gpio.c    ****   * OF THIS SOFTWARE, EVEN IF ADVISED OF THE POSSIBILITY OF SUCH DAMAGE.
  36:Src/gpio.c    ****   *
  37:Src/gpio.c    ****   ******************************************************************************
  38:Src/gpio.c    ****   */
  39:Src/gpio.c    **** 
  40:Src/gpio.c    **** /* Includes ------------------------------------------------------------------*/
  41:Src/gpio.c    **** #include "gpio.h"
  42:Src/gpio.c    **** /* USER CODE BEGIN 0 */
  43:Src/gpio.c    **** 
  44:Src/gpio.c    **** /* USER CODE END 0 */
  45:Src/gpio.c    **** 
  46:Src/gpio.c    **** /*----------------------------------------------------------------------------*/
  47:Src/gpio.c    **** /* Configure GPIO                                                             */
  48:Src/gpio.c    **** /*----------------------------------------------------------------------------*/
  49:Src/gpio.c    **** /* USER CODE BEGIN 1 */
  50:Src/gpio.c    **** 
  51:Src/gpio.c    **** /* USER CODE END 1 */
  52:Src/gpio.c    **** 
  53:Src/gpio.c    **** /** Configure pins as 
  54:Src/gpio.c    ****         * Analog 
  55:Src/gpio.c    ****         * Input 
  56:Src/gpio.c    ****         * Output
  57:Src/gpio.c    ****         * EVENT_OUT
  58:Src/gpio.c    ****         * EXTI
  59:Src/gpio.c    ****         * Free pins are configured automatically as Analog (this feature is enabled through 
  60:Src/gpio.c    ****         * the Code Generation settings)
  61:Src/gpio.c    **** */
  62:Src/gpio.c    **** void MX_GPIO_Init(void)
  63:Src/gpio.c    **** {
  30              		.loc 1 63 1 view -0
  31              		.cfi_startproc
  32              		@ args = 0, pretend = 0, frame = 48
  33              		@ frame_needed = 0, uses_anonymous_args = 0
  64:Src/gpio.c    **** 
  65:Src/gpio.c    ****   GPIO_InitTypeDef GPIO_InitStruct = {0};
  34              		.loc 1 65 3 view .LVU1
  63:Src/gpio.c    **** 
  35              		.loc 1 63 1 is_stmt 0 view .LVU2
  36 0000 F0B5     		push	{r4, r5, r6, r7, lr}
  37              	.LCFI0:
  38              		.cfi_def_cfa_offset 20
  39              		.cfi_offset 4, -20
  40              		.cfi_offset 5, -16
  41              		.cfi_offset 6, -12
  42              		.cfi_offset 7, -8
  43              		.cfi_offset 14, -4
  44              		.loc 1 65 20 view .LVU3
  45 0002 0024     		movs	r4, #0
  63:Src/gpio.c    **** 
  46              		.loc 1 63 1 view .LVU4
  47 0004 8DB0     		sub	sp, sp, #52
  48              	.LCFI1:
ARM GAS  /tmp/ccS5hMJ4.s 			page 3


  49              		.cfi_def_cfa_offset 72
  50              		.loc 1 65 20 view .LVU5
  51 0006 CDE90644 		strd	r4, r4, [sp, #24]
  52 000a CDE90844 		strd	r4, r4, [sp, #32]
  53              	.LBB2:
  66:Src/gpio.c    **** 
  67:Src/gpio.c    ****   /* GPIO Ports Clock Enable */
  68:Src/gpio.c    ****   __HAL_RCC_GPIOC_CLK_ENABLE();
  54              		.loc 1 68 3 view .LVU6
  55 000e 3D4B     		ldr	r3, .L4
  56 0010 0194     		str	r4, [sp, #4]
  57              	.LBE2:
  65:Src/gpio.c    **** 
  58              		.loc 1 65 20 view .LVU7
  59 0012 0A94     		str	r4, [sp, #40]
  60              		.loc 1 68 3 is_stmt 1 view .LVU8
  61              	.LBB3:
  62              		.loc 1 68 3 view .LVU9
  63              		.loc 1 68 3 view .LVU10
  64 0014 1A6B     		ldr	r2, [r3, #48]
  65              	.LBE3:
  69:Src/gpio.c    ****   __HAL_RCC_GPIOH_CLK_ENABLE();
  70:Src/gpio.c    ****   __HAL_RCC_GPIOA_CLK_ENABLE();
  71:Src/gpio.c    ****   __HAL_RCC_GPIOB_CLK_ENABLE();
  72:Src/gpio.c    ****   __HAL_RCC_GPIOD_CLK_ENABLE();
  73:Src/gpio.c    **** 
  74:Src/gpio.c    ****   /*Configure GPIO pin Output Level */
  75:Src/gpio.c    ****   HAL_GPIO_WritePin(LD2_GPIO_Port, LD2_Pin, GPIO_PIN_RESET);
  66              		.loc 1 75 3 is_stmt 0 view .LVU11
  67 0016 3C4D     		ldr	r5, .L4+4
  76:Src/gpio.c    **** 
  77:Src/gpio.c    ****   /*Configure GPIO pin : PtPin */
  78:Src/gpio.c    ****   GPIO_InitStruct.Pin = B1_Pin;
  79:Src/gpio.c    ****   GPIO_InitStruct.Mode = GPIO_MODE_IT_FALLING;
  80:Src/gpio.c    ****   GPIO_InitStruct.Pull = GPIO_NOPULL;
  81:Src/gpio.c    ****   HAL_GPIO_Init(B1_GPIO_Port, &GPIO_InitStruct);
  68              		.loc 1 81 3 view .LVU12
  69 0018 3C4E     		ldr	r6, .L4+8
  70              	.LBB4:
  68:Src/gpio.c    ****   __HAL_RCC_GPIOH_CLK_ENABLE();
  71              		.loc 1 68 3 view .LVU13
  72 001a 42F00402 		orr	r2, r2, #4
  73 001e 1A63     		str	r2, [r3, #48]
  68:Src/gpio.c    ****   __HAL_RCC_GPIOH_CLK_ENABLE();
  74              		.loc 1 68 3 is_stmt 1 view .LVU14
  75 0020 1A6B     		ldr	r2, [r3, #48]
  76 0022 02F00402 		and	r2, r2, #4
  77 0026 0192     		str	r2, [sp, #4]
  68:Src/gpio.c    ****   __HAL_RCC_GPIOH_CLK_ENABLE();
  78              		.loc 1 68 3 view .LVU15
  79 0028 019A     		ldr	r2, [sp, #4]
  80              	.LBE4:
  69:Src/gpio.c    ****   __HAL_RCC_GPIOH_CLK_ENABLE();
  81              		.loc 1 69 3 view .LVU16
  82              	.LBB5:
  69:Src/gpio.c    ****   __HAL_RCC_GPIOH_CLK_ENABLE();
  83              		.loc 1 69 3 view .LVU17
ARM GAS  /tmp/ccS5hMJ4.s 			page 4


  84 002a 0294     		str	r4, [sp, #8]
  69:Src/gpio.c    ****   __HAL_RCC_GPIOH_CLK_ENABLE();
  85              		.loc 1 69 3 view .LVU18
  86 002c 1A6B     		ldr	r2, [r3, #48]
  87 002e 42F08002 		orr	r2, r2, #128
  88 0032 1A63     		str	r2, [r3, #48]
  69:Src/gpio.c    ****   __HAL_RCC_GPIOH_CLK_ENABLE();
  89              		.loc 1 69 3 view .LVU19
  90 0034 1A6B     		ldr	r2, [r3, #48]
  91 0036 02F08002 		and	r2, r2, #128
  92 003a 0292     		str	r2, [sp, #8]
  69:Src/gpio.c    ****   __HAL_RCC_GPIOH_CLK_ENABLE();
  93              		.loc 1 69 3 view .LVU20
  94 003c 029A     		ldr	r2, [sp, #8]
  95              	.LBE5:
  70:Src/gpio.c    ****   __HAL_RCC_GPIOB_CLK_ENABLE();
  96              		.loc 1 70 3 view .LVU21
  97              	.LBB6:
  70:Src/gpio.c    ****   __HAL_RCC_GPIOB_CLK_ENABLE();
  98              		.loc 1 70 3 view .LVU22
  99 003e 0394     		str	r4, [sp, #12]
  70:Src/gpio.c    ****   __HAL_RCC_GPIOB_CLK_ENABLE();
 100              		.loc 1 70 3 view .LVU23
 101 0040 1A6B     		ldr	r2, [r3, #48]
 102 0042 42F00102 		orr	r2, r2, #1
 103 0046 1A63     		str	r2, [r3, #48]
  70:Src/gpio.c    ****   __HAL_RCC_GPIOB_CLK_ENABLE();
 104              		.loc 1 70 3 view .LVU24
 105 0048 1A6B     		ldr	r2, [r3, #48]
 106 004a 02F00102 		and	r2, r2, #1
 107 004e 0392     		str	r2, [sp, #12]
  70:Src/gpio.c    ****   __HAL_RCC_GPIOB_CLK_ENABLE();
 108              		.loc 1 70 3 view .LVU25
 109 0050 039A     		ldr	r2, [sp, #12]
 110              	.LBE6:
  71:Src/gpio.c    ****   __HAL_RCC_GPIOD_CLK_ENABLE();
 111              		.loc 1 71 3 view .LVU26
 112              	.LBB7:
  71:Src/gpio.c    ****   __HAL_RCC_GPIOD_CLK_ENABLE();
 113              		.loc 1 71 3 view .LVU27
 114 0052 0494     		str	r4, [sp, #16]
  71:Src/gpio.c    ****   __HAL_RCC_GPIOD_CLK_ENABLE();
 115              		.loc 1 71 3 view .LVU28
 116 0054 1A6B     		ldr	r2, [r3, #48]
 117 0056 42F00202 		orr	r2, r2, #2
 118 005a 1A63     		str	r2, [r3, #48]
  71:Src/gpio.c    ****   __HAL_RCC_GPIOD_CLK_ENABLE();
 119              		.loc 1 71 3 view .LVU29
 120 005c 1A6B     		ldr	r2, [r3, #48]
 121 005e 02F00202 		and	r2, r2, #2
 122 0062 0492     		str	r2, [sp, #16]
  71:Src/gpio.c    ****   __HAL_RCC_GPIOD_CLK_ENABLE();
 123              		.loc 1 71 3 view .LVU30
 124 0064 049A     		ldr	r2, [sp, #16]
 125              	.LBE7:
  72:Src/gpio.c    **** 
 126              		.loc 1 72 3 view .LVU31
ARM GAS  /tmp/ccS5hMJ4.s 			page 5


 127              	.LBB8:
  72:Src/gpio.c    **** 
 128              		.loc 1 72 3 view .LVU32
 129 0066 0594     		str	r4, [sp, #20]
  72:Src/gpio.c    **** 
 130              		.loc 1 72 3 view .LVU33
 131 0068 1A6B     		ldr	r2, [r3, #48]
 132 006a 42F00802 		orr	r2, r2, #8
 133 006e 1A63     		str	r2, [r3, #48]
  72:Src/gpio.c    **** 
 134              		.loc 1 72 3 view .LVU34
 135 0070 1B6B     		ldr	r3, [r3, #48]
 136 0072 03F00803 		and	r3, r3, #8
 137 0076 0593     		str	r3, [sp, #20]
  72:Src/gpio.c    **** 
 138              		.loc 1 72 3 view .LVU35
 139              	.LBE8:
  75:Src/gpio.c    **** 
 140              		.loc 1 75 3 is_stmt 0 view .LVU36
 141 0078 2246     		mov	r2, r4
 142 007a 2846     		mov	r0, r5
 143 007c 2021     		movs	r1, #32
 144              	.LBB9:
  72:Src/gpio.c    **** 
 145              		.loc 1 72 3 view .LVU37
 146 007e 059B     		ldr	r3, [sp, #20]
 147              	.LBE9:
  75:Src/gpio.c    **** 
 148              		.loc 1 75 3 is_stmt 1 view .LVU38
 149 0080 FFF7FEFF 		bl	HAL_GPIO_WritePin
 150              	.LVL0:
  78:Src/gpio.c    ****   GPIO_InitStruct.Mode = GPIO_MODE_IT_FALLING;
 151              		.loc 1 78 3 view .LVU39
  79:Src/gpio.c    ****   GPIO_InitStruct.Pull = GPIO_NOPULL;
 152              		.loc 1 79 3 view .LVU40
  78:Src/gpio.c    ****   GPIO_InitStruct.Mode = GPIO_MODE_IT_FALLING;
 153              		.loc 1 78 23 is_stmt 0 view .LVU41
 154 0084 224B     		ldr	r3, .L4+12
  80:Src/gpio.c    ****   HAL_GPIO_Init(B1_GPIO_Port, &GPIO_InitStruct);
 155              		.loc 1 80 24 view .LVU42
 156 0086 0894     		str	r4, [sp, #32]
 157              		.loc 1 81 3 view .LVU43
 158 0088 06A9     		add	r1, sp, #24
 159 008a 3046     		mov	r0, r6
  78:Src/gpio.c    ****   GPIO_InitStruct.Mode = GPIO_MODE_IT_FALLING;
 160              		.loc 1 78 23 view .LVU44
 161 008c 4FF40052 		mov	r2, #8192
 162 0090 CDE90623 		strd	r2, [sp, #24]
  80:Src/gpio.c    ****   HAL_GPIO_Init(B1_GPIO_Port, &GPIO_InitStruct);
 163              		.loc 1 80 3 is_stmt 1 view .LVU45
 164              		.loc 1 81 3 view .LVU46
 165 0094 FFF7FEFF 		bl	HAL_GPIO_Init
 166              	.LVL1:
  82:Src/gpio.c    **** 
  83:Src/gpio.c    ****   /*Configure GPIO pins : PC0 PC1 PC2 PC3 
  84:Src/gpio.c    ****                            PC4 PC5 PC6 PC7 
  85:Src/gpio.c    ****                            PC8 PC9 PC10 PC11 
ARM GAS  /tmp/ccS5hMJ4.s 			page 6


  86:Src/gpio.c    ****                            PC12 */
  87:Src/gpio.c    ****   GPIO_InitStruct.Pin = GPIO_PIN_0|GPIO_PIN_1|GPIO_PIN_2|GPIO_PIN_3 
 167              		.loc 1 87 3 view .LVU47
  88:Src/gpio.c    ****                           |GPIO_PIN_4|GPIO_PIN_5|GPIO_PIN_6|GPIO_PIN_7 
  89:Src/gpio.c    ****                           |GPIO_PIN_8|GPIO_PIN_9|GPIO_PIN_10|GPIO_PIN_11 
  90:Src/gpio.c    ****                           |GPIO_PIN_12;
  91:Src/gpio.c    ****   GPIO_InitStruct.Mode = GPIO_MODE_ANALOG;
 168              		.loc 1 91 3 view .LVU48
  92:Src/gpio.c    ****   GPIO_InitStruct.Pull = GPIO_NOPULL;
  93:Src/gpio.c    ****   HAL_GPIO_Init(GPIOC, &GPIO_InitStruct);
 169              		.loc 1 93 3 is_stmt 0 view .LVU49
 170 0098 3046     		mov	r0, r6
 171 009a 06A9     		add	r1, sp, #24
  87:Src/gpio.c    ****                           |GPIO_PIN_4|GPIO_PIN_5|GPIO_PIN_6|GPIO_PIN_7 
 172              		.loc 1 87 23 view .LVU50
 173 009c 41F6FF72 		movw	r2, #8191
 174 00a0 0323     		movs	r3, #3
 175 00a2 CDE90623 		strd	r2, [sp, #24]
  92:Src/gpio.c    ****   GPIO_InitStruct.Pull = GPIO_NOPULL;
 176              		.loc 1 92 3 is_stmt 1 view .LVU51
 177              		.loc 1 93 3 view .LVU52
  92:Src/gpio.c    ****   GPIO_InitStruct.Pull = GPIO_NOPULL;
 178              		.loc 1 92 24 is_stmt 0 view .LVU53
 179 00a6 0894     		str	r4, [sp, #32]
 180              		.loc 1 93 3 view .LVU54
 181 00a8 FFF7FEFF 		bl	HAL_GPIO_Init
 182              	.LVL2:
  94:Src/gpio.c    **** 
  95:Src/gpio.c    ****   /*Configure GPIO pins : PA0 PA1 PA4 PA6 
  96:Src/gpio.c    ****                            PA7 PA8 PA9 PA10 
  97:Src/gpio.c    ****                            PA11 PA12 PA15 */
  98:Src/gpio.c    ****   GPIO_InitStruct.Pin = GPIO_PIN_0|GPIO_PIN_1|GPIO_PIN_4|GPIO_PIN_6 
 183              		.loc 1 98 3 is_stmt 1 view .LVU55
  99:Src/gpio.c    ****                           |GPIO_PIN_7|GPIO_PIN_8|GPIO_PIN_9|GPIO_PIN_10 
 100:Src/gpio.c    ****                           |GPIO_PIN_11|GPIO_PIN_12|GPIO_PIN_15;
 101:Src/gpio.c    ****   GPIO_InitStruct.Mode = GPIO_MODE_ANALOG;
 184              		.loc 1 101 3 view .LVU56
 102:Src/gpio.c    ****   GPIO_InitStruct.Pull = GPIO_NOPULL;
 103:Src/gpio.c    ****   HAL_GPIO_Init(GPIOA, &GPIO_InitStruct);
 185              		.loc 1 103 3 is_stmt 0 view .LVU57
 186 00ac 06A9     		add	r1, sp, #24
 187 00ae 2846     		mov	r0, r5
  98:Src/gpio.c    ****                           |GPIO_PIN_7|GPIO_PIN_8|GPIO_PIN_9|GPIO_PIN_10 
 188              		.loc 1 98 23 view .LVU58
 189 00b0 49F6D372 		movw	r2, #40915
 190 00b4 0323     		movs	r3, #3
 191 00b6 CDE90623 		strd	r2, [sp, #24]
 102:Src/gpio.c    ****   GPIO_InitStruct.Pull = GPIO_NOPULL;
 192              		.loc 1 102 3 is_stmt 1 view .LVU59
 193              		.loc 1 103 3 view .LVU60
 102:Src/gpio.c    ****   GPIO_InitStruct.Pull = GPIO_NOPULL;
 194              		.loc 1 102 24 is_stmt 0 view .LVU61
 195 00ba 0894     		str	r4, [sp, #32]
 104:Src/gpio.c    **** 
 105:Src/gpio.c    ****   /*Configure GPIO pin : PtPin */
 106:Src/gpio.c    ****   GPIO_InitStruct.Pin = LD2_Pin;
 196              		.loc 1 106 23 view .LVU62
ARM GAS  /tmp/ccS5hMJ4.s 			page 7


 197 00bc 2026     		movs	r6, #32
 103:Src/gpio.c    **** 
 198              		.loc 1 103 3 view .LVU63
 199 00be FFF7FEFF 		bl	HAL_GPIO_Init
 200              	.LVL3:
 201              		.loc 1 106 3 is_stmt 1 view .LVU64
 107:Src/gpio.c    ****   GPIO_InitStruct.Mode = GPIO_MODE_OUTPUT_PP;
 202              		.loc 1 107 3 view .LVU65
 108:Src/gpio.c    ****   GPIO_InitStruct.Pull = GPIO_NOPULL;
 203              		.loc 1 108 3 view .LVU66
 109:Src/gpio.c    ****   GPIO_InitStruct.Speed = GPIO_SPEED_FREQ_LOW;
 204              		.loc 1 109 3 view .LVU67
 106:Src/gpio.c    ****   GPIO_InitStruct.Mode = GPIO_MODE_OUTPUT_PP;
 205              		.loc 1 106 23 is_stmt 0 view .LVU68
 206 00c2 0127     		movs	r7, #1
 110:Src/gpio.c    ****   HAL_GPIO_Init(LD2_GPIO_Port, &GPIO_InitStruct);
 207              		.loc 1 110 3 view .LVU69
 208 00c4 2846     		mov	r0, r5
 209 00c6 06A9     		add	r1, sp, #24
 106:Src/gpio.c    ****   GPIO_InitStruct.Mode = GPIO_MODE_OUTPUT_PP;
 210              		.loc 1 106 23 view .LVU70
 211 00c8 0022     		movs	r2, #0
 212 00ca 0023     		movs	r3, #0
 213 00cc CDE90823 		strd	r2, [sp, #32]
 214              		.loc 1 110 3 is_stmt 1 view .LVU71
 106:Src/gpio.c    ****   GPIO_InitStruct.Mode = GPIO_MODE_OUTPUT_PP;
 215              		.loc 1 106 23 is_stmt 0 view .LVU72
 216 00d0 CDE90667 		strd	r6, [sp, #24]
 217              		.loc 1 110 3 view .LVU73
 218 00d4 FFF7FEFF 		bl	HAL_GPIO_Init
 219              	.LVL4:
 111:Src/gpio.c    **** 
 112:Src/gpio.c    ****   /*Configure GPIO pins : PB0 PB1 PB2 PB10 
 113:Src/gpio.c    ****                            PB12 PB13 PB14 PB15 
 114:Src/gpio.c    ****                            PB4 PB5 PB6 PB7 
 115:Src/gpio.c    ****                            PB8 PB9 */
 116:Src/gpio.c    ****   GPIO_InitStruct.Pin = GPIO_PIN_0|GPIO_PIN_1|GPIO_PIN_2|GPIO_PIN_10 
 220              		.loc 1 116 3 is_stmt 1 view .LVU74
 117:Src/gpio.c    ****                           |GPIO_PIN_12|GPIO_PIN_13|GPIO_PIN_14|GPIO_PIN_15 
 118:Src/gpio.c    ****                           |GPIO_PIN_4|GPIO_PIN_5|GPIO_PIN_6|GPIO_PIN_7 
 119:Src/gpio.c    ****                           |GPIO_PIN_8|GPIO_PIN_9;
 120:Src/gpio.c    ****   GPIO_InitStruct.Mode = GPIO_MODE_ANALOG;
 221              		.loc 1 120 3 view .LVU75
 121:Src/gpio.c    ****   GPIO_InitStruct.Pull = GPIO_NOPULL;
 122:Src/gpio.c    ****   HAL_GPIO_Init(GPIOB, &GPIO_InitStruct);
 222              		.loc 1 122 3 is_stmt 0 view .LVU76
 223 00d8 06A9     		add	r1, sp, #24
 116:Src/gpio.c    ****                           |GPIO_PIN_12|GPIO_PIN_13|GPIO_PIN_14|GPIO_PIN_15 
 224              		.loc 1 116 23 view .LVU77
 225 00da 4FF2F772 		movw	r2, #63479
 226 00de 0323     		movs	r3, #3
 227              		.loc 1 122 3 view .LVU78
 228 00e0 0C48     		ldr	r0, .L4+16
 121:Src/gpio.c    ****   GPIO_InitStruct.Pull = GPIO_NOPULL;
 229              		.loc 1 121 24 view .LVU79
 230 00e2 0894     		str	r4, [sp, #32]
 116:Src/gpio.c    ****                           |GPIO_PIN_12|GPIO_PIN_13|GPIO_PIN_14|GPIO_PIN_15 
ARM GAS  /tmp/ccS5hMJ4.s 			page 8


 231              		.loc 1 116 23 view .LVU80
 232 00e4 CDE90623 		strd	r2, [sp, #24]
 121:Src/gpio.c    ****   GPIO_InitStruct.Pull = GPIO_NOPULL;
 233              		.loc 1 121 3 is_stmt 1 view .LVU81
 234              		.loc 1 122 3 view .LVU82
 235 00e8 FFF7FEFF 		bl	HAL_GPIO_Init
 236              	.LVL5:
 123:Src/gpio.c    **** 
 124:Src/gpio.c    ****   /*Configure GPIO pin : PD2 */
 125:Src/gpio.c    ****   GPIO_InitStruct.Pin = GPIO_PIN_2;
 237              		.loc 1 125 3 view .LVU83
 126:Src/gpio.c    ****   GPIO_InitStruct.Mode = GPIO_MODE_ANALOG;
 238              		.loc 1 126 3 view .LVU84
 125:Src/gpio.c    ****   GPIO_InitStruct.Mode = GPIO_MODE_ANALOG;
 239              		.loc 1 125 23 is_stmt 0 view .LVU85
 240 00ec 0422     		movs	r2, #4
 241 00ee 0323     		movs	r3, #3
 127:Src/gpio.c    ****   GPIO_InitStruct.Pull = GPIO_NOPULL;
 128:Src/gpio.c    ****   HAL_GPIO_Init(GPIOD, &GPIO_InitStruct);
 242              		.loc 1 128 3 view .LVU86
 243 00f0 06A9     		add	r1, sp, #24
 244 00f2 0948     		ldr	r0, .L4+20
 127:Src/gpio.c    ****   GPIO_InitStruct.Pull = GPIO_NOPULL;
 245              		.loc 1 127 24 view .LVU87
 246 00f4 0894     		str	r4, [sp, #32]
 125:Src/gpio.c    ****   GPIO_InitStruct.Mode = GPIO_MODE_ANALOG;
 247              		.loc 1 125 23 view .LVU88
 248 00f6 CDE90623 		strd	r2, [sp, #24]
 127:Src/gpio.c    ****   GPIO_InitStruct.Pull = GPIO_NOPULL;
 249              		.loc 1 127 3 is_stmt 1 view .LVU89
 250              		.loc 1 128 3 view .LVU90
 251 00fa FFF7FEFF 		bl	HAL_GPIO_Init
 252              	.LVL6:
 129:Src/gpio.c    **** 
 130:Src/gpio.c    **** }
 253              		.loc 1 130 1 is_stmt 0 view .LVU91
 254 00fe 0DB0     		add	sp, sp, #52
 255              	.LCFI2:
 256              		.cfi_def_cfa_offset 20
 257              		@ sp needed
 258 0100 F0BD     		pop	{r4, r5, r6, r7, pc}
 259              	.L5:
 260 0102 00BF     		.align	2
 261              	.L4:
 262 0104 00380240 		.word	1073887232
 263 0108 00000240 		.word	1073872896
 264 010c 00080240 		.word	1073874944
 265 0110 00002110 		.word	270598144
 266 0114 00040240 		.word	1073873920
 267 0118 000C0240 		.word	1073875968
 268              		.cfi_endproc
 269              	.LFE126:
 271              		.text
 272              	.Letext0:
 273              		.file 2 "/usr/arm-none-eabi/include/machine/_default_types.h"
 274              		.file 3 "/usr/arm-none-eabi/include/sys/_stdint.h"
 275              		.file 4 "Drivers/CMSIS/Include/core_cm4.h"
ARM GAS  /tmp/ccS5hMJ4.s 			page 9


 276              		.file 5 "Drivers/CMSIS/Device/ST/STM32F4xx/Include/system_stm32f4xx.h"
 277              		.file 6 "Drivers/CMSIS/Device/ST/STM32F4xx/Include/stm32f401xe.h"
 278              		.file 7 "/usr/arm-none-eabi/include/sys/lock.h"
 279              		.file 8 "/usr/arm-none-eabi/include/sys/_types.h"
 280              		.file 9 "/usr/lib/gcc/arm-none-eabi/8.2.0/include/stddef.h"
 281              		.file 10 "/usr/arm-none-eabi/include/sys/reent.h"
 282              		.file 11 "Drivers/STM32F4xx_HAL_Driver/Inc/stm32f4xx_hal_gpio.h"
ARM GAS  /tmp/ccS5hMJ4.s 			page 10


DEFINED SYMBOLS
                            *ABS*:0000000000000000 gpio.c
     /tmp/ccS5hMJ4.s:18     .text.MX_GPIO_Init:0000000000000000 $t
     /tmp/ccS5hMJ4.s:27     .text.MX_GPIO_Init:0000000000000000 MX_GPIO_Init
     /tmp/ccS5hMJ4.s:262    .text.MX_GPIO_Init:0000000000000104 $d

UNDEFINED SYMBOLS
HAL_GPIO_WritePin
HAL_GPIO_Init
