ARM GAS  /tmp/ccEooqzK.s 			page 1


   1              		.cpu cortex-m4
   2              		.eabi_attribute 27, 1
   3              		.eabi_attribute 28, 1
   4              		.eabi_attribute 20, 1
   5              		.eabi_attribute 21, 1
   6              		.eabi_attribute 23, 3
   7              		.eabi_attribute 24, 1
   8              		.eabi_attribute 25, 1
   9              		.eabi_attribute 26, 1
  10              		.eabi_attribute 30, 2
  11              		.eabi_attribute 34, 1
  12              		.eabi_attribute 18, 4
  13              		.file	"stm32f4xx_it.c"
  14              		.text
  15              	.Ltext0:
  16              		.cfi_sections	.debug_frame
  17              		.section	.text.NMI_Handler,"ax",%progbits
  18              		.align	1
  19              		.p2align 2,,3
  20              		.global	NMI_Handler
  21              		.arch armv7e-m
  22              		.syntax unified
  23              		.thumb
  24              		.thumb_func
  25              		.fpu fpv4-sp-d16
  27              	NMI_Handler:
  28              	.LFB126:
  29              		.file 1 "Src/stm32f4xx_it.c"
   1:Src/stm32f4xx_it.c **** /* USER CODE BEGIN Header */
   2:Src/stm32f4xx_it.c **** /**
   3:Src/stm32f4xx_it.c ****   ******************************************************************************
   4:Src/stm32f4xx_it.c ****   * @file    stm32f4xx_it.c
   5:Src/stm32f4xx_it.c ****   * @brief   Interrupt Service Routines.
   6:Src/stm32f4xx_it.c ****   ******************************************************************************
   7:Src/stm32f4xx_it.c ****   *
   8:Src/stm32f4xx_it.c ****   * COPYRIGHT(c) 2019 STMicroelectronics
   9:Src/stm32f4xx_it.c ****   *
  10:Src/stm32f4xx_it.c ****   * Redistribution and use in source and binary forms, with or without modification,
  11:Src/stm32f4xx_it.c ****   * are permitted provided that the following conditions are met:
  12:Src/stm32f4xx_it.c ****   *   1. Redistributions of source code must retain the above copyright notice,
  13:Src/stm32f4xx_it.c ****   *      this list of conditions and the following disclaimer.
  14:Src/stm32f4xx_it.c ****   *   2. Redistributions in binary form must reproduce the above copyright notice,
  15:Src/stm32f4xx_it.c ****   *      this list of conditions and the following disclaimer in the documentation
  16:Src/stm32f4xx_it.c ****   *      and/or other materials provided with the distribution.
  17:Src/stm32f4xx_it.c ****   *   3. Neither the name of STMicroelectronics nor the names of its contributors
  18:Src/stm32f4xx_it.c ****   *      may be used to endorse or promote products derived from this software
  19:Src/stm32f4xx_it.c ****   *      without specific prior written permission.
  20:Src/stm32f4xx_it.c ****   *
  21:Src/stm32f4xx_it.c ****   * THIS SOFTWARE IS PROVIDED BY THE COPYRIGHT HOLDERS AND CONTRIBUTORS "AS IS"
  22:Src/stm32f4xx_it.c ****   * AND ANY EXPRESS OR IMPLIED WARRANTIES, INCLUDING, BUT NOT LIMITED TO, THE
  23:Src/stm32f4xx_it.c ****   * IMPLIED WARRANTIES OF MERCHANTABILITY AND FITNESS FOR A PARTICULAR PURPOSE ARE
  24:Src/stm32f4xx_it.c ****   * DISCLAIMED. IN NO EVENT SHALL THE COPYRIGHT HOLDER OR CONTRIBUTORS BE LIABLE
  25:Src/stm32f4xx_it.c ****   * FOR ANY DIRECT, INDIRECT, INCIDENTAL, SPECIAL, EXEMPLARY, OR CONSEQUENTIAL
  26:Src/stm32f4xx_it.c ****   * DAMAGES (INCLUDING, BUT NOT LIMITED TO, PROCUREMENT OF SUBSTITUTE GOODS OR
  27:Src/stm32f4xx_it.c ****   * SERVICES; LOSS OF USE, DATA, OR PROFITS; OR BUSINESS INTERRUPTION) HOWEVER
  28:Src/stm32f4xx_it.c ****   * CAUSED AND ON ANY THEORY OF LIABILITY, WHETHER IN CONTRACT, STRICT LIABILITY,
  29:Src/stm32f4xx_it.c ****   * OR TORT (INCLUDING NEGLIGENCE OR OTHERWISE) ARISING IN ANY WAY OUT OF THE USE
ARM GAS  /tmp/ccEooqzK.s 			page 2


  30:Src/stm32f4xx_it.c ****   * OF THIS SOFTWARE, EVEN IF ADVISED OF THE POSSIBILITY OF SUCH DAMAGE.
  31:Src/stm32f4xx_it.c ****   *
  32:Src/stm32f4xx_it.c ****   ******************************************************************************
  33:Src/stm32f4xx_it.c ****   */
  34:Src/stm32f4xx_it.c **** /* USER CODE END Header */
  35:Src/stm32f4xx_it.c **** 
  36:Src/stm32f4xx_it.c **** /* Includes ------------------------------------------------------------------*/
  37:Src/stm32f4xx_it.c **** #include "main.h"
  38:Src/stm32f4xx_it.c **** #include "stm32f4xx_it.h"
  39:Src/stm32f4xx_it.c **** /* Private includes ----------------------------------------------------------*/
  40:Src/stm32f4xx_it.c **** /* USER CODE BEGIN Includes */
  41:Src/stm32f4xx_it.c **** /* USER CODE END Includes */
  42:Src/stm32f4xx_it.c **** 
  43:Src/stm32f4xx_it.c **** /* Private typedef -----------------------------------------------------------*/
  44:Src/stm32f4xx_it.c **** /* USER CODE BEGIN TD */
  45:Src/stm32f4xx_it.c **** 
  46:Src/stm32f4xx_it.c **** /* USER CODE END TD */
  47:Src/stm32f4xx_it.c **** 
  48:Src/stm32f4xx_it.c **** /* Private define ------------------------------------------------------------*/
  49:Src/stm32f4xx_it.c **** /* USER CODE BEGIN PD */
  50:Src/stm32f4xx_it.c ****  
  51:Src/stm32f4xx_it.c **** /* USER CODE END PD */
  52:Src/stm32f4xx_it.c **** 
  53:Src/stm32f4xx_it.c **** /* Private macro -------------------------------------------------------------*/
  54:Src/stm32f4xx_it.c **** /* USER CODE BEGIN PM */
  55:Src/stm32f4xx_it.c **** 
  56:Src/stm32f4xx_it.c **** /* USER CODE END PM */
  57:Src/stm32f4xx_it.c **** 
  58:Src/stm32f4xx_it.c **** /* Private variables ---------------------------------------------------------*/
  59:Src/stm32f4xx_it.c **** /* USER CODE BEGIN PV */
  60:Src/stm32f4xx_it.c **** 
  61:Src/stm32f4xx_it.c **** /* USER CODE END PV */
  62:Src/stm32f4xx_it.c **** 
  63:Src/stm32f4xx_it.c **** /* Private function prototypes -----------------------------------------------*/
  64:Src/stm32f4xx_it.c **** /* USER CODE BEGIN PFP */
  65:Src/stm32f4xx_it.c **** 
  66:Src/stm32f4xx_it.c **** /* USER CODE END PFP */
  67:Src/stm32f4xx_it.c **** 
  68:Src/stm32f4xx_it.c **** /* Private user code ---------------------------------------------------------*/
  69:Src/stm32f4xx_it.c **** /* USER CODE BEGIN 0 */
  70:Src/stm32f4xx_it.c **** 
  71:Src/stm32f4xx_it.c **** /* USER CODE END 0 */
  72:Src/stm32f4xx_it.c **** 
  73:Src/stm32f4xx_it.c **** /* External variables --------------------------------------------------------*/
  74:Src/stm32f4xx_it.c **** /* USER CODE BEGIN EV */
  75:Src/stm32f4xx_it.c **** 
  76:Src/stm32f4xx_it.c **** /* USER CODE END EV */
  77:Src/stm32f4xx_it.c **** 
  78:Src/stm32f4xx_it.c **** /******************************************************************************/
  79:Src/stm32f4xx_it.c **** /*           Cortex-M4 Processor Interruption and Exception Handlers          */ 
  80:Src/stm32f4xx_it.c **** /******************************************************************************/
  81:Src/stm32f4xx_it.c **** /**
  82:Src/stm32f4xx_it.c ****   * @brief This function handles Non maskable interrupt.
  83:Src/stm32f4xx_it.c ****   */
  84:Src/stm32f4xx_it.c **** void NMI_Handler(void)
  85:Src/stm32f4xx_it.c **** {
  30              		.loc 1 85 1 view -0
ARM GAS  /tmp/ccEooqzK.s 			page 3


  31              		.cfi_startproc
  32              		@ args = 0, pretend = 0, frame = 0
  33              		@ frame_needed = 0, uses_anonymous_args = 0
  34              		@ link register save eliminated.
  86:Src/stm32f4xx_it.c ****   /* USER CODE BEGIN NonMaskableInt_IRQn 0 */
  87:Src/stm32f4xx_it.c **** 
  88:Src/stm32f4xx_it.c ****   /* USER CODE END NonMaskableInt_IRQn 0 */
  89:Src/stm32f4xx_it.c ****   /* USER CODE BEGIN NonMaskableInt_IRQn 1 */
  90:Src/stm32f4xx_it.c **** 
  91:Src/stm32f4xx_it.c ****   /* USER CODE END NonMaskableInt_IRQn 1 */
  92:Src/stm32f4xx_it.c **** }
  35              		.loc 1 92 1 view .LVU1
  36 0000 7047     		bx	lr
  37              		.cfi_endproc
  38              	.LFE126:
  40 0002 00BF     		.section	.text.HardFault_Handler,"ax",%progbits
  41              		.align	1
  42              		.p2align 2,,3
  43              		.global	HardFault_Handler
  44              		.syntax unified
  45              		.thumb
  46              		.thumb_func
  47              		.fpu fpv4-sp-d16
  49              	HardFault_Handler:
  50              	.LFB127:
  93:Src/stm32f4xx_it.c **** 
  94:Src/stm32f4xx_it.c **** /**
  95:Src/stm32f4xx_it.c ****   * @brief This function handles Hard fault interrupt.
  96:Src/stm32f4xx_it.c ****   */
  97:Src/stm32f4xx_it.c **** void HardFault_Handler(void)
  98:Src/stm32f4xx_it.c **** {
  51              		.loc 1 98 1 view -0
  52              		.cfi_startproc
  53              		@ Volatile: function does not return.
  54              		@ args = 0, pretend = 0, frame = 0
  55              		@ frame_needed = 0, uses_anonymous_args = 0
  56              		@ link register save eliminated.
  57              	.L4:
  99:Src/stm32f4xx_it.c ****   /* USER CODE BEGIN HardFault_IRQn 0 */
 100:Src/stm32f4xx_it.c **** 
 101:Src/stm32f4xx_it.c ****   /* USER CODE END HardFault_IRQn 0 */
 102:Src/stm32f4xx_it.c ****   while (1)
  58              		.loc 1 102 3 discriminator 1 view .LVU3
 103:Src/stm32f4xx_it.c ****   {
 104:Src/stm32f4xx_it.c ****     /* USER CODE BEGIN W1_HardFault_IRQn 0 */
 105:Src/stm32f4xx_it.c ****     /* USER CODE END W1_HardFault_IRQn 0 */
 106:Src/stm32f4xx_it.c ****   }
  59              		.loc 1 106 3 discriminator 1 view .LVU4
  60 0000 FEE7     		b	.L4
  61              		.cfi_endproc
  62              	.LFE127:
  64 0002 00BF     		.section	.text.MemManage_Handler,"ax",%progbits
  65              		.align	1
  66              		.p2align 2,,3
  67              		.global	MemManage_Handler
  68              		.syntax unified
  69              		.thumb
ARM GAS  /tmp/ccEooqzK.s 			page 4


  70              		.thumb_func
  71              		.fpu fpv4-sp-d16
  73              	MemManage_Handler:
  74              	.LFB128:
 107:Src/stm32f4xx_it.c **** }
 108:Src/stm32f4xx_it.c **** 
 109:Src/stm32f4xx_it.c **** /**
 110:Src/stm32f4xx_it.c ****   * @brief This function handles Memory management fault.
 111:Src/stm32f4xx_it.c ****   */
 112:Src/stm32f4xx_it.c **** void MemManage_Handler(void)
 113:Src/stm32f4xx_it.c **** {
  75              		.loc 1 113 1 view -0
  76              		.cfi_startproc
  77              		@ Volatile: function does not return.
  78              		@ args = 0, pretend = 0, frame = 0
  79              		@ frame_needed = 0, uses_anonymous_args = 0
  80              		@ link register save eliminated.
  81              	.L6:
 114:Src/stm32f4xx_it.c ****   /* USER CODE BEGIN MemoryManagement_IRQn 0 */
 115:Src/stm32f4xx_it.c **** 
 116:Src/stm32f4xx_it.c ****   /* USER CODE END MemoryManagement_IRQn 0 */
 117:Src/stm32f4xx_it.c ****   while (1)
  82              		.loc 1 117 3 discriminator 1 view .LVU6
 118:Src/stm32f4xx_it.c ****   {
 119:Src/stm32f4xx_it.c ****     /* USER CODE BEGIN W1_MemoryManagement_IRQn 0 */
 120:Src/stm32f4xx_it.c ****     /* USER CODE END W1_MemoryManagement_IRQn 0 */
 121:Src/stm32f4xx_it.c ****   }
  83              		.loc 1 121 3 discriminator 1 view .LVU7
  84 0000 FEE7     		b	.L6
  85              		.cfi_endproc
  86              	.LFE128:
  88 0002 00BF     		.section	.text.BusFault_Handler,"ax",%progbits
  89              		.align	1
  90              		.p2align 2,,3
  91              		.global	BusFault_Handler
  92              		.syntax unified
  93              		.thumb
  94              		.thumb_func
  95              		.fpu fpv4-sp-d16
  97              	BusFault_Handler:
  98              	.LFB129:
 122:Src/stm32f4xx_it.c **** }
 123:Src/stm32f4xx_it.c **** 
 124:Src/stm32f4xx_it.c **** /**
 125:Src/stm32f4xx_it.c ****   * @brief This function handles Pre-fetch fault, memory access fault.
 126:Src/stm32f4xx_it.c ****   */
 127:Src/stm32f4xx_it.c **** void BusFault_Handler(void)
 128:Src/stm32f4xx_it.c **** {
  99              		.loc 1 128 1 view -0
 100              		.cfi_startproc
 101              		@ Volatile: function does not return.
 102              		@ args = 0, pretend = 0, frame = 0
 103              		@ frame_needed = 0, uses_anonymous_args = 0
 104              		@ link register save eliminated.
 105              	.L8:
 129:Src/stm32f4xx_it.c ****   /* USER CODE BEGIN BusFault_IRQn 0 */
 130:Src/stm32f4xx_it.c **** 
ARM GAS  /tmp/ccEooqzK.s 			page 5


 131:Src/stm32f4xx_it.c ****   /* USER CODE END BusFault_IRQn 0 */
 132:Src/stm32f4xx_it.c ****   while (1)
 106              		.loc 1 132 3 discriminator 1 view .LVU9
 133:Src/stm32f4xx_it.c ****   {
 134:Src/stm32f4xx_it.c ****     /* USER CODE BEGIN W1_BusFault_IRQn 0 */
 135:Src/stm32f4xx_it.c ****     /* USER CODE END W1_BusFault_IRQn 0 */
 136:Src/stm32f4xx_it.c ****   }
 107              		.loc 1 136 3 discriminator 1 view .LVU10
 108 0000 FEE7     		b	.L8
 109              		.cfi_endproc
 110              	.LFE129:
 112 0002 00BF     		.section	.text.UsageFault_Handler,"ax",%progbits
 113              		.align	1
 114              		.p2align 2,,3
 115              		.global	UsageFault_Handler
 116              		.syntax unified
 117              		.thumb
 118              		.thumb_func
 119              		.fpu fpv4-sp-d16
 121              	UsageFault_Handler:
 122              	.LFB130:
 137:Src/stm32f4xx_it.c **** }
 138:Src/stm32f4xx_it.c **** 
 139:Src/stm32f4xx_it.c **** /**
 140:Src/stm32f4xx_it.c ****   * @brief This function handles Undefined instruction or illegal state.
 141:Src/stm32f4xx_it.c ****   */
 142:Src/stm32f4xx_it.c **** void UsageFault_Handler(void)
 143:Src/stm32f4xx_it.c **** {
 123              		.loc 1 143 1 view -0
 124              		.cfi_startproc
 125              		@ Volatile: function does not return.
 126              		@ args = 0, pretend = 0, frame = 0
 127              		@ frame_needed = 0, uses_anonymous_args = 0
 128              		@ link register save eliminated.
 129              	.L10:
 144:Src/stm32f4xx_it.c ****   /* USER CODE BEGIN UsageFault_IRQn 0 */
 145:Src/stm32f4xx_it.c **** 
 146:Src/stm32f4xx_it.c ****   /* USER CODE END UsageFault_IRQn 0 */
 147:Src/stm32f4xx_it.c ****   while (1)
 130              		.loc 1 147 3 discriminator 1 view .LVU12
 148:Src/stm32f4xx_it.c ****   {
 149:Src/stm32f4xx_it.c ****     /* USER CODE BEGIN W1_UsageFault_IRQn 0 */
 150:Src/stm32f4xx_it.c ****     /* USER CODE END W1_UsageFault_IRQn 0 */
 151:Src/stm32f4xx_it.c ****   }
 131              		.loc 1 151 3 discriminator 1 view .LVU13
 132 0000 FEE7     		b	.L10
 133              		.cfi_endproc
 134              	.LFE130:
 136 0002 00BF     		.section	.text.SVC_Handler,"ax",%progbits
 137              		.align	1
 138              		.p2align 2,,3
 139              		.global	SVC_Handler
 140              		.syntax unified
 141              		.thumb
 142              		.thumb_func
 143              		.fpu fpv4-sp-d16
 145              	SVC_Handler:
ARM GAS  /tmp/ccEooqzK.s 			page 6


 146              	.LFB136:
 147              		.cfi_startproc
 148              		@ args = 0, pretend = 0, frame = 0
 149              		@ frame_needed = 0, uses_anonymous_args = 0
 150              		@ link register save eliminated.
 151 0000 7047     		bx	lr
 152              		.cfi_endproc
 153              	.LFE136:
 155 0002 00BF     		.section	.text.DebugMon_Handler,"ax",%progbits
 156              		.align	1
 157              		.p2align 2,,3
 158              		.global	DebugMon_Handler
 159              		.syntax unified
 160              		.thumb
 161              		.thumb_func
 162              		.fpu fpv4-sp-d16
 164              	DebugMon_Handler:
 165              	.LFB138:
 166              		.cfi_startproc
 167              		@ args = 0, pretend = 0, frame = 0
 168              		@ frame_needed = 0, uses_anonymous_args = 0
 169              		@ link register save eliminated.
 170 0000 7047     		bx	lr
 171              		.cfi_endproc
 172              	.LFE138:
 174 0002 00BF     		.section	.text.PendSV_Handler,"ax",%progbits
 175              		.align	1
 176              		.p2align 2,,3
 177              		.global	PendSV_Handler
 178              		.syntax unified
 179              		.thumb
 180              		.thumb_func
 181              		.fpu fpv4-sp-d16
 183              	PendSV_Handler:
 184              	.LFB140:
 185              		.cfi_startproc
 186              		@ args = 0, pretend = 0, frame = 0
 187              		@ frame_needed = 0, uses_anonymous_args = 0
 188              		@ link register save eliminated.
 189 0000 7047     		bx	lr
 190              		.cfi_endproc
 191              	.LFE140:
 193 0002 00BF     		.section	.text.SysTick_Handler,"ax",%progbits
 194              		.align	1
 195              		.p2align 2,,3
 196              		.global	SysTick_Handler
 197              		.syntax unified
 198              		.thumb
 199              		.thumb_func
 200              		.fpu fpv4-sp-d16
 202              	SysTick_Handler:
 203              	.LFB134:
 152:Src/stm32f4xx_it.c **** }
 153:Src/stm32f4xx_it.c **** 
 154:Src/stm32f4xx_it.c **** /**
 155:Src/stm32f4xx_it.c ****   * @brief This function handles System service call via SWI instruction.
 156:Src/stm32f4xx_it.c ****   */
ARM GAS  /tmp/ccEooqzK.s 			page 7


 157:Src/stm32f4xx_it.c **** void SVC_Handler(void)
 158:Src/stm32f4xx_it.c **** {
 159:Src/stm32f4xx_it.c ****   /* USER CODE BEGIN SVCall_IRQn 0 */
 160:Src/stm32f4xx_it.c **** 
 161:Src/stm32f4xx_it.c ****   /* USER CODE END SVCall_IRQn 0 */
 162:Src/stm32f4xx_it.c ****   /* USER CODE BEGIN SVCall_IRQn 1 */
 163:Src/stm32f4xx_it.c **** 
 164:Src/stm32f4xx_it.c ****   /* USER CODE END SVCall_IRQn 1 */
 165:Src/stm32f4xx_it.c **** }
 166:Src/stm32f4xx_it.c **** 
 167:Src/stm32f4xx_it.c **** /**
 168:Src/stm32f4xx_it.c ****   * @brief This function handles Debug monitor.
 169:Src/stm32f4xx_it.c ****   */
 170:Src/stm32f4xx_it.c **** void DebugMon_Handler(void)
 171:Src/stm32f4xx_it.c **** {
 172:Src/stm32f4xx_it.c ****   /* USER CODE BEGIN DebugMonitor_IRQn 0 */
 173:Src/stm32f4xx_it.c **** 
 174:Src/stm32f4xx_it.c ****   /* USER CODE END DebugMonitor_IRQn 0 */
 175:Src/stm32f4xx_it.c ****   /* USER CODE BEGIN DebugMonitor_IRQn 1 */
 176:Src/stm32f4xx_it.c **** 
 177:Src/stm32f4xx_it.c ****   /* USER CODE END DebugMonitor_IRQn 1 */
 178:Src/stm32f4xx_it.c **** }
 179:Src/stm32f4xx_it.c **** 
 180:Src/stm32f4xx_it.c **** /**
 181:Src/stm32f4xx_it.c ****   * @brief This function handles Pendable request for system service.
 182:Src/stm32f4xx_it.c ****   */
 183:Src/stm32f4xx_it.c **** void PendSV_Handler(void)
 184:Src/stm32f4xx_it.c **** {
 185:Src/stm32f4xx_it.c ****   /* USER CODE BEGIN PendSV_IRQn 0 */
 186:Src/stm32f4xx_it.c **** 
 187:Src/stm32f4xx_it.c ****   /* USER CODE END PendSV_IRQn 0 */
 188:Src/stm32f4xx_it.c ****   /* USER CODE BEGIN PendSV_IRQn 1 */
 189:Src/stm32f4xx_it.c **** 
 190:Src/stm32f4xx_it.c ****   /* USER CODE END PendSV_IRQn 1 */
 191:Src/stm32f4xx_it.c **** }
 192:Src/stm32f4xx_it.c **** 
 193:Src/stm32f4xx_it.c **** /**
 194:Src/stm32f4xx_it.c ****   * @brief This function handles System tick timer.
 195:Src/stm32f4xx_it.c ****   */
 196:Src/stm32f4xx_it.c **** void SysTick_Handler(void)
 197:Src/stm32f4xx_it.c **** {
 204              		.loc 1 197 1 view -0
 205              		.cfi_startproc
 206              		@ args = 0, pretend = 0, frame = 0
 207              		@ frame_needed = 0, uses_anonymous_args = 0
 208              		@ link register save eliminated.
 198:Src/stm32f4xx_it.c ****   /* USER CODE BEGIN SysTick_IRQn 0 */
 199:Src/stm32f4xx_it.c **** 
 200:Src/stm32f4xx_it.c ****   /* USER CODE END SysTick_IRQn 0 */
 201:Src/stm32f4xx_it.c ****   HAL_IncTick();
 209              		.loc 1 201 3 view .LVU15
 210 0000 FFF7FEBF 		b	HAL_IncTick
 211              	.LVL0:
 212              		.cfi_endproc
 213              	.LFE134:
 215              		.text
 216              	.Letext0:
ARM GAS  /tmp/ccEooqzK.s 			page 8


 217              		.file 2 "/usr/arm-none-eabi/include/machine/_default_types.h"
 218              		.file 3 "/usr/arm-none-eabi/include/sys/_stdint.h"
 219              		.file 4 "Drivers/CMSIS/Include/core_cm4.h"
 220              		.file 5 "Drivers/CMSIS/Device/ST/STM32F4xx/Include/system_stm32f4xx.h"
 221              		.file 6 "/usr/arm-none-eabi/include/sys/lock.h"
 222              		.file 7 "/usr/arm-none-eabi/include/sys/_types.h"
 223              		.file 8 "/usr/lib/gcc/arm-none-eabi/8.2.0/include/stddef.h"
 224              		.file 9 "/usr/arm-none-eabi/include/sys/reent.h"
 225              		.file 10 "Drivers/STM32F4xx_HAL_Driver/Inc/stm32f4xx_hal.h"
ARM GAS  /tmp/ccEooqzK.s 			page 9


DEFINED SYMBOLS
                            *ABS*:0000000000000000 stm32f4xx_it.c
     /tmp/ccEooqzK.s:18     .text.NMI_Handler:0000000000000000 $t
     /tmp/ccEooqzK.s:27     .text.NMI_Handler:0000000000000000 NMI_Handler
     /tmp/ccEooqzK.s:41     .text.HardFault_Handler:0000000000000000 $t
     /tmp/ccEooqzK.s:49     .text.HardFault_Handler:0000000000000000 HardFault_Handler
     /tmp/ccEooqzK.s:65     .text.MemManage_Handler:0000000000000000 $t
     /tmp/ccEooqzK.s:73     .text.MemManage_Handler:0000000000000000 MemManage_Handler
     /tmp/ccEooqzK.s:89     .text.BusFault_Handler:0000000000000000 $t
     /tmp/ccEooqzK.s:97     .text.BusFault_Handler:0000000000000000 BusFault_Handler
     /tmp/ccEooqzK.s:113    .text.UsageFault_Handler:0000000000000000 $t
     /tmp/ccEooqzK.s:121    .text.UsageFault_Handler:0000000000000000 UsageFault_Handler
     /tmp/ccEooqzK.s:137    .text.SVC_Handler:0000000000000000 $t
     /tmp/ccEooqzK.s:145    .text.SVC_Handler:0000000000000000 SVC_Handler
     /tmp/ccEooqzK.s:156    .text.DebugMon_Handler:0000000000000000 $t
     /tmp/ccEooqzK.s:164    .text.DebugMon_Handler:0000000000000000 DebugMon_Handler
     /tmp/ccEooqzK.s:175    .text.PendSV_Handler:0000000000000000 $t
     /tmp/ccEooqzK.s:183    .text.PendSV_Handler:0000000000000000 PendSV_Handler
     /tmp/ccEooqzK.s:194    .text.SysTick_Handler:0000000000000000 $t
     /tmp/ccEooqzK.s:202    .text.SysTick_Handler:0000000000000000 SysTick_Handler

UNDEFINED SYMBOLS
HAL_IncTick
