ARM GAS  /tmp/ccWClaqP.s 			page 1


   1              		.cpu cortex-m4
   2              		.eabi_attribute 27, 1
   3              		.eabi_attribute 28, 1
   4              		.eabi_attribute 20, 1
   5              		.eabi_attribute 21, 1
   6              		.eabi_attribute 23, 3
   7              		.eabi_attribute 24, 1
   8              		.eabi_attribute 25, 1
   9              		.eabi_attribute 26, 1
  10              		.eabi_attribute 30, 2
  11              		.eabi_attribute 34, 1
  12              		.eabi_attribute 18, 4
  13              		.file	"stm32f4xx_hal_msp.c"
  14              		.text
  15              	.Ltext0:
  16              		.cfi_sections	.debug_frame
  17              		.section	.text.HAL_MspInit,"ax",%progbits
  18              		.align	1
  19              		.p2align 2,,3
  20              		.global	HAL_MspInit
  21              		.arch armv7e-m
  22              		.syntax unified
  23              		.thumb
  24              		.thumb_func
  25              		.fpu fpv4-sp-d16
  27              	HAL_MspInit:
  28              	.LFB126:
  29              		.file 1 "Src/stm32f4xx_hal_msp.c"
   1:Src/stm32f4xx_hal_msp.c **** /* USER CODE BEGIN Header */
   2:Src/stm32f4xx_hal_msp.c **** /**
   3:Src/stm32f4xx_hal_msp.c ****   ******************************************************************************
   4:Src/stm32f4xx_hal_msp.c ****   * File Name          : stm32f4xx_hal_msp.c
   5:Src/stm32f4xx_hal_msp.c ****   * Description        : This file provides code for the MSP Initialization 
   6:Src/stm32f4xx_hal_msp.c ****   *                      and de-Initialization codes.
   7:Src/stm32f4xx_hal_msp.c ****   ******************************************************************************
   8:Src/stm32f4xx_hal_msp.c ****   ** This notice applies to any and all portions of this file
   9:Src/stm32f4xx_hal_msp.c ****   * that are not between comment pairs USER CODE BEGIN and
  10:Src/stm32f4xx_hal_msp.c ****   * USER CODE END. Other portions of this file, whether 
  11:Src/stm32f4xx_hal_msp.c ****   * inserted by the user or by software development tools
  12:Src/stm32f4xx_hal_msp.c ****   * are owned by their respective copyright owners.
  13:Src/stm32f4xx_hal_msp.c ****   *
  14:Src/stm32f4xx_hal_msp.c ****   * COPYRIGHT(c) 2019 STMicroelectronics
  15:Src/stm32f4xx_hal_msp.c ****   *
  16:Src/stm32f4xx_hal_msp.c ****   * Redistribution and use in source and binary forms, with or without modification,
  17:Src/stm32f4xx_hal_msp.c ****   * are permitted provided that the following conditions are met:
  18:Src/stm32f4xx_hal_msp.c ****   *   1. Redistributions of source code must retain the above copyright notice,
  19:Src/stm32f4xx_hal_msp.c ****   *      this list of conditions and the following disclaimer.
  20:Src/stm32f4xx_hal_msp.c ****   *   2. Redistributions in binary form must reproduce the above copyright notice,
  21:Src/stm32f4xx_hal_msp.c ****   *      this list of conditions and the following disclaimer in the documentation
  22:Src/stm32f4xx_hal_msp.c ****   *      and/or other materials provided with the distribution.
  23:Src/stm32f4xx_hal_msp.c ****   *   3. Neither the name of STMicroelectronics nor the names of its contributors
  24:Src/stm32f4xx_hal_msp.c ****   *      may be used to endorse or promote products derived from this software
  25:Src/stm32f4xx_hal_msp.c ****   *      without specific prior written permission.
  26:Src/stm32f4xx_hal_msp.c ****   *
  27:Src/stm32f4xx_hal_msp.c ****   * THIS SOFTWARE IS PROVIDED BY THE COPYRIGHT HOLDERS AND CONTRIBUTORS "AS IS"
  28:Src/stm32f4xx_hal_msp.c ****   * AND ANY EXPRESS OR IMPLIED WARRANTIES, INCLUDING, BUT NOT LIMITED TO, THE
  29:Src/stm32f4xx_hal_msp.c ****   * IMPLIED WARRANTIES OF MERCHANTABILITY AND FITNESS FOR A PARTICULAR PURPOSE ARE
ARM GAS  /tmp/ccWClaqP.s 			page 2


  30:Src/stm32f4xx_hal_msp.c ****   * DISCLAIMED. IN NO EVENT SHALL THE COPYRIGHT HOLDER OR CONTRIBUTORS BE LIABLE
  31:Src/stm32f4xx_hal_msp.c ****   * FOR ANY DIRECT, INDIRECT, INCIDENTAL, SPECIAL, EXEMPLARY, OR CONSEQUENTIAL
  32:Src/stm32f4xx_hal_msp.c ****   * DAMAGES (INCLUDING, BUT NOT LIMITED TO, PROCUREMENT OF SUBSTITUTE GOODS OR
  33:Src/stm32f4xx_hal_msp.c ****   * SERVICES; LOSS OF USE, DATA, OR PROFITS; OR BUSINESS INTERRUPTION) HOWEVER
  34:Src/stm32f4xx_hal_msp.c ****   * CAUSED AND ON ANY THEORY OF LIABILITY, WHETHER IN CONTRACT, STRICT LIABILITY,
  35:Src/stm32f4xx_hal_msp.c ****   * OR TORT (INCLUDING NEGLIGENCE OR OTHERWISE) ARISING IN ANY WAY OUT OF THE USE
  36:Src/stm32f4xx_hal_msp.c ****   * OF THIS SOFTWARE, EVEN IF ADVISED OF THE POSSIBILITY OF SUCH DAMAGE.
  37:Src/stm32f4xx_hal_msp.c ****   *
  38:Src/stm32f4xx_hal_msp.c ****   ******************************************************************************
  39:Src/stm32f4xx_hal_msp.c ****   */
  40:Src/stm32f4xx_hal_msp.c **** /* USER CODE END Header */
  41:Src/stm32f4xx_hal_msp.c **** 
  42:Src/stm32f4xx_hal_msp.c **** /* Includes ------------------------------------------------------------------*/
  43:Src/stm32f4xx_hal_msp.c **** #include "main.h"
  44:Src/stm32f4xx_hal_msp.c **** /* USER CODE BEGIN Includes */
  45:Src/stm32f4xx_hal_msp.c **** 
  46:Src/stm32f4xx_hal_msp.c **** /* USER CODE END Includes */
  47:Src/stm32f4xx_hal_msp.c **** 
  48:Src/stm32f4xx_hal_msp.c **** /* Private typedef -----------------------------------------------------------*/
  49:Src/stm32f4xx_hal_msp.c **** /* USER CODE BEGIN TD */
  50:Src/stm32f4xx_hal_msp.c **** 
  51:Src/stm32f4xx_hal_msp.c **** /* USER CODE END TD */
  52:Src/stm32f4xx_hal_msp.c **** 
  53:Src/stm32f4xx_hal_msp.c **** /* Private define ------------------------------------------------------------*/
  54:Src/stm32f4xx_hal_msp.c **** /* USER CODE BEGIN Define */
  55:Src/stm32f4xx_hal_msp.c ****  
  56:Src/stm32f4xx_hal_msp.c **** /* USER CODE END Define */
  57:Src/stm32f4xx_hal_msp.c **** 
  58:Src/stm32f4xx_hal_msp.c **** /* Private macro -------------------------------------------------------------*/
  59:Src/stm32f4xx_hal_msp.c **** /* USER CODE BEGIN Macro */
  60:Src/stm32f4xx_hal_msp.c **** 
  61:Src/stm32f4xx_hal_msp.c **** /* USER CODE END Macro */
  62:Src/stm32f4xx_hal_msp.c **** 
  63:Src/stm32f4xx_hal_msp.c **** /* Private variables ---------------------------------------------------------*/
  64:Src/stm32f4xx_hal_msp.c **** /* USER CODE BEGIN PV */
  65:Src/stm32f4xx_hal_msp.c **** 
  66:Src/stm32f4xx_hal_msp.c **** /* USER CODE END PV */
  67:Src/stm32f4xx_hal_msp.c **** 
  68:Src/stm32f4xx_hal_msp.c **** /* Private function prototypes -----------------------------------------------*/
  69:Src/stm32f4xx_hal_msp.c **** /* USER CODE BEGIN PFP */
  70:Src/stm32f4xx_hal_msp.c **** 
  71:Src/stm32f4xx_hal_msp.c **** /* USER CODE END PFP */
  72:Src/stm32f4xx_hal_msp.c **** 
  73:Src/stm32f4xx_hal_msp.c **** /* External functions --------------------------------------------------------*/
  74:Src/stm32f4xx_hal_msp.c **** /* USER CODE BEGIN ExternalFunctions */
  75:Src/stm32f4xx_hal_msp.c **** 
  76:Src/stm32f4xx_hal_msp.c **** /* USER CODE END ExternalFunctions */
  77:Src/stm32f4xx_hal_msp.c **** 
  78:Src/stm32f4xx_hal_msp.c **** /* USER CODE BEGIN 0 */
  79:Src/stm32f4xx_hal_msp.c **** 
  80:Src/stm32f4xx_hal_msp.c **** /* USER CODE END 0 */
  81:Src/stm32f4xx_hal_msp.c **** /**
  82:Src/stm32f4xx_hal_msp.c ****   * Initializes the Global MSP.
  83:Src/stm32f4xx_hal_msp.c ****   */
  84:Src/stm32f4xx_hal_msp.c **** void HAL_MspInit(void)
  85:Src/stm32f4xx_hal_msp.c **** {
  30              		.loc 1 85 1 view -0
ARM GAS  /tmp/ccWClaqP.s 			page 3


  31              		.cfi_startproc
  32              		@ args = 0, pretend = 0, frame = 8
  33              		@ frame_needed = 0, uses_anonymous_args = 0
  34              		@ link register save eliminated.
  86:Src/stm32f4xx_hal_msp.c ****   /* USER CODE BEGIN MspInit 0 */
  87:Src/stm32f4xx_hal_msp.c **** 
  88:Src/stm32f4xx_hal_msp.c ****   /* USER CODE END MspInit 0 */
  89:Src/stm32f4xx_hal_msp.c **** 
  90:Src/stm32f4xx_hal_msp.c ****   __HAL_RCC_SYSCFG_CLK_ENABLE();
  35              		.loc 1 90 3 view .LVU1
  36              	.LBB2:
  37              		.loc 1 90 3 view .LVU2
  38              	.LBE2:
  85:Src/stm32f4xx_hal_msp.c ****   /* USER CODE BEGIN MspInit 0 */
  39              		.loc 1 85 1 is_stmt 0 view .LVU3
  40 0000 82B0     		sub	sp, sp, #8
  41              	.LCFI0:
  42              		.cfi_def_cfa_offset 8
  43              	.LBB3:
  44              		.loc 1 90 3 view .LVU4
  45 0002 0D4B     		ldr	r3, .L4
  46 0004 0021     		movs	r1, #0
  47 0006 0091     		str	r1, [sp]
  48              		.loc 1 90 3 is_stmt 1 view .LVU5
  49 0008 5A6C     		ldr	r2, [r3, #68]
  50 000a 42F48042 		orr	r2, r2, #16384
  51 000e 5A64     		str	r2, [r3, #68]
  52              		.loc 1 90 3 view .LVU6
  53 0010 5A6C     		ldr	r2, [r3, #68]
  54 0012 02F48042 		and	r2, r2, #16384
  55 0016 0092     		str	r2, [sp]
  56              		.loc 1 90 3 view .LVU7
  57 0018 009A     		ldr	r2, [sp]
  58              	.LBE3:
  91:Src/stm32f4xx_hal_msp.c ****   __HAL_RCC_PWR_CLK_ENABLE();
  59              		.loc 1 91 3 view .LVU8
  60              	.LBB4:
  61              		.loc 1 91 3 view .LVU9
  62 001a 0191     		str	r1, [sp, #4]
  63              		.loc 1 91 3 view .LVU10
  64 001c 1A6C     		ldr	r2, [r3, #64]
  65 001e 42F08052 		orr	r2, r2, #268435456
  66 0022 1A64     		str	r2, [r3, #64]
  67              		.loc 1 91 3 view .LVU11
  68 0024 1B6C     		ldr	r3, [r3, #64]
  69 0026 03F08053 		and	r3, r3, #268435456
  70 002a 0193     		str	r3, [sp, #4]
  71              		.loc 1 91 3 view .LVU12
  72 002c 019B     		ldr	r3, [sp, #4]
  73              	.LBE4:
  92:Src/stm32f4xx_hal_msp.c **** 
  93:Src/stm32f4xx_hal_msp.c ****   HAL_NVIC_SetPriorityGrouping(NVIC_PRIORITYGROUP_0);
  74              		.loc 1 93 3 view .LVU13
  75 002e 0720     		movs	r0, #7
  94:Src/stm32f4xx_hal_msp.c **** 
  95:Src/stm32f4xx_hal_msp.c ****   /* System interrupt init*/
  96:Src/stm32f4xx_hal_msp.c **** 
ARM GAS  /tmp/ccWClaqP.s 			page 4


  97:Src/stm32f4xx_hal_msp.c ****   /* USER CODE BEGIN MspInit 1 */
  98:Src/stm32f4xx_hal_msp.c **** 
  99:Src/stm32f4xx_hal_msp.c ****   /* USER CODE END MspInit 1 */
 100:Src/stm32f4xx_hal_msp.c **** }
  76              		.loc 1 100 1 is_stmt 0 view .LVU14
  77 0030 02B0     		add	sp, sp, #8
  78              	.LCFI1:
  79              		.cfi_def_cfa_offset 0
  80              		@ sp needed
  93:Src/stm32f4xx_hal_msp.c **** 
  81              		.loc 1 93 3 view .LVU15
  82 0032 FFF7FEBF 		b	HAL_NVIC_SetPriorityGrouping
  83              	.LVL0:
  84              	.L5:
  85 0036 00BF     		.align	2
  86              	.L4:
  87 0038 00380240 		.word	1073887232
  88              		.cfi_endproc
  89              	.LFE126:
  91              		.text
  92              	.Letext0:
  93              		.file 2 "/usr/arm-none-eabi/include/machine/_default_types.h"
  94              		.file 3 "/usr/arm-none-eabi/include/sys/_stdint.h"
  95              		.file 4 "Drivers/CMSIS/Include/core_cm4.h"
  96              		.file 5 "Drivers/CMSIS/Device/ST/STM32F4xx/Include/system_stm32f4xx.h"
  97              		.file 6 "Drivers/CMSIS/Device/ST/STM32F4xx/Include/stm32f401xe.h"
  98              		.file 7 "/usr/arm-none-eabi/include/sys/lock.h"
  99              		.file 8 "/usr/arm-none-eabi/include/sys/_types.h"
 100              		.file 9 "/usr/lib/gcc/arm-none-eabi/8.2.0/include/stddef.h"
 101              		.file 10 "/usr/arm-none-eabi/include/sys/reent.h"
 102              		.file 11 "Drivers/STM32F4xx_HAL_Driver/Inc/stm32f4xx_hal_cortex.h"
ARM GAS  /tmp/ccWClaqP.s 			page 5


DEFINED SYMBOLS
                            *ABS*:0000000000000000 stm32f4xx_hal_msp.c
     /tmp/ccWClaqP.s:18     .text.HAL_MspInit:0000000000000000 $t
     /tmp/ccWClaqP.s:27     .text.HAL_MspInit:0000000000000000 HAL_MspInit
     /tmp/ccWClaqP.s:87     .text.HAL_MspInit:0000000000000038 $d

UNDEFINED SYMBOLS
HAL_NVIC_SetPriorityGrouping
