ARM GAS  /tmp/ccYISygi.s 			page 1


   1              		.cpu cortex-m0
   2              		.eabi_attribute 20, 1
   3              		.eabi_attribute 21, 1
   4              		.eabi_attribute 23, 3
   5              		.eabi_attribute 24, 1
   6              		.eabi_attribute 25, 1
   7              		.eabi_attribute 26, 1
   8              		.eabi_attribute 30, 2
   9              		.eabi_attribute 34, 0
  10              		.eabi_attribute 18, 4
  11              		.file	"gpio.c"
  12              		.text
  13              	.Ltext0:
  14              		.cfi_sections	.debug_frame
  15              		.section	.text.MX_GPIO_Init,"ax",%progbits
  16              		.align	1
  17              		.p2align 2,,3
  18              		.global	MX_GPIO_Init
  19              		.arch armv6s-m
  20              		.syntax unified
  21              		.code	16
  22              		.thumb_func
  23              		.fpu softvfp
  25              	MX_GPIO_Init:
  26              	.LFB37:
  27              		.file 1 "Src/gpio.c"
   1:Src/gpio.c    **** /**
   2:Src/gpio.c    ****   ******************************************************************************
   3:Src/gpio.c    ****   * File Name          : gpio.c
   4:Src/gpio.c    ****   * Description        : This file provides code for the configuration
   5:Src/gpio.c    ****   *                      of all used GPIO pins.
   6:Src/gpio.c    ****   ******************************************************************************
   7:Src/gpio.c    ****   ** This notice applies to any and all portions of this file
   8:Src/gpio.c    ****   * that are not between comment pairs USER CODE BEGIN and
   9:Src/gpio.c    ****   * USER CODE END. Other portions of this file, whether 
  10:Src/gpio.c    ****   * inserted by the user or by software development tools
  11:Src/gpio.c    ****   * are owned by their respective copyright owners.
  12:Src/gpio.c    ****   *
  13:Src/gpio.c    ****   * COPYRIGHT(c) 2019 STMicroelectronics
  14:Src/gpio.c    ****   *
  15:Src/gpio.c    ****   * Redistribution and use in source and binary forms, with or without modification,
  16:Src/gpio.c    ****   * are permitted provided that the following conditions are met:
  17:Src/gpio.c    ****   *   1. Redistributions of source code must retain the above copyright notice,
  18:Src/gpio.c    ****   *      this list of conditions and the following disclaimer.
  19:Src/gpio.c    ****   *   2. Redistributions in binary form must reproduce the above copyright notice,
  20:Src/gpio.c    ****   *      this list of conditions and the following disclaimer in the documentation
  21:Src/gpio.c    ****   *      and/or other materials provided with the distribution.
  22:Src/gpio.c    ****   *   3. Neither the name of STMicroelectronics nor the names of its contributors
  23:Src/gpio.c    ****   *      may be used to endorse or promote products derived from this software
  24:Src/gpio.c    ****   *      without specific prior written permission.
  25:Src/gpio.c    ****   *
  26:Src/gpio.c    ****   * THIS SOFTWARE IS PROVIDED BY THE COPYRIGHT HOLDERS AND CONTRIBUTORS "AS IS"
  27:Src/gpio.c    ****   * AND ANY EXPRESS OR IMPLIED WARRANTIES, INCLUDING, BUT NOT LIMITED TO, THE
  28:Src/gpio.c    ****   * IMPLIED WARRANTIES OF MERCHANTABILITY AND FITNESS FOR A PARTICULAR PURPOSE ARE
  29:Src/gpio.c    ****   * DISCLAIMED. IN NO EVENT SHALL THE COPYRIGHT HOLDER OR CONTRIBUTORS BE LIABLE
  30:Src/gpio.c    ****   * FOR ANY DIRECT, INDIRECT, INCIDENTAL, SPECIAL, EXEMPLARY, OR CONSEQUENTIAL
  31:Src/gpio.c    ****   * DAMAGES (INCLUDING, BUT NOT LIMITED TO, PROCUREMENT OF SUBSTITUTE GOODS OR
ARM GAS  /tmp/ccYISygi.s 			page 2


  32:Src/gpio.c    ****   * SERVICES; LOSS OF USE, DATA, OR PROFITS; OR BUSINESS INTERRUPTION) HOWEVER
  33:Src/gpio.c    ****   * CAUSED AND ON ANY THEORY OF LIABILITY, WHETHER IN CONTRACT, STRICT LIABILITY,
  34:Src/gpio.c    ****   * OR TORT (INCLUDING NEGLIGENCE OR OTHERWISE) ARISING IN ANY WAY OUT OF THE USE
  35:Src/gpio.c    ****   * OF THIS SOFTWARE, EVEN IF ADVISED OF THE POSSIBILITY OF SUCH DAMAGE.
  36:Src/gpio.c    ****   *
  37:Src/gpio.c    ****   ******************************************************************************
  38:Src/gpio.c    ****   */
  39:Src/gpio.c    **** 
  40:Src/gpio.c    **** /* Includes ------------------------------------------------------------------*/
  41:Src/gpio.c    **** #include "gpio.h"
  42:Src/gpio.c    **** /* USER CODE BEGIN 0 */
  43:Src/gpio.c    **** 
  44:Src/gpio.c    **** /* USER CODE END 0 */
  45:Src/gpio.c    **** 
  46:Src/gpio.c    **** /*----------------------------------------------------------------------------*/
  47:Src/gpio.c    **** /* Configure GPIO                                                             */
  48:Src/gpio.c    **** /*----------------------------------------------------------------------------*/
  49:Src/gpio.c    **** /* USER CODE BEGIN 1 */
  50:Src/gpio.c    **** 
  51:Src/gpio.c    **** /* USER CODE END 1 */
  52:Src/gpio.c    **** 
  53:Src/gpio.c    **** /** Configure pins as 
  54:Src/gpio.c    ****         * Analog 
  55:Src/gpio.c    ****         * Input 
  56:Src/gpio.c    ****         * Output
  57:Src/gpio.c    ****         * EVENT_OUT
  58:Src/gpio.c    ****         * EXTI
  59:Src/gpio.c    ****         * Free pins are configured automatically as Analog (this feature is enabled through 
  60:Src/gpio.c    ****         * the Code Generation settings)
  61:Src/gpio.c    **** */
  62:Src/gpio.c    **** void MX_GPIO_Init(void)
  63:Src/gpio.c    **** {
  28              		.loc 1 63 1 view -0
  29              		.cfi_startproc
  30              		@ args = 0, pretend = 0, frame = 48
  31              		@ frame_needed = 0, uses_anonymous_args = 0
  64:Src/gpio.c    **** 
  65:Src/gpio.c    ****   GPIO_InitTypeDef GPIO_InitStruct = {0};
  32              		.loc 1 65 3 view .LVU1
  63:Src/gpio.c    **** 
  33              		.loc 1 63 1 is_stmt 0 view .LVU2
  34 0000 F0B5     		push	{r4, r5, r6, r7, lr}
  35              	.LCFI0:
  36              		.cfi_def_cfa_offset 20
  37              		.cfi_offset 4, -20
  38              		.cfi_offset 5, -16
  39              		.cfi_offset 6, -12
  40              		.cfi_offset 7, -8
  41              		.cfi_offset 14, -4
  42 0002 C646     		mov	lr, r8
  43 0004 00B5     		push	{lr}
  44              	.LCFI1:
  45              		.cfi_def_cfa_offset 24
  46              		.cfi_offset 8, -24
  47 0006 8CB0     		sub	sp, sp, #48
  48              	.LCFI2:
  49              		.cfi_def_cfa_offset 72
ARM GAS  /tmp/ccYISygi.s 			page 3


  50              		.loc 1 65 20 view .LVU3
  51 0008 1422     		movs	r2, #20
  52 000a 0021     		movs	r1, #0
  53 000c 06A8     		add	r0, sp, #24
  54 000e FFF7FEFF 		bl	memset
  55              	.LVL0:
  66:Src/gpio.c    **** 
  67:Src/gpio.c    ****   /* GPIO Ports Clock Enable */
  68:Src/gpio.c    ****   __HAL_RCC_GPIOC_CLK_ENABLE();
  56              		.loc 1 68 3 is_stmt 1 view .LVU4
  57              	.LBB2:
  58              		.loc 1 68 3 view .LVU5
  59              		.loc 1 68 3 view .LVU6
  60 0012 8020     		movs	r0, #128
  61 0014 4A4B     		ldr	r3, .L3
  62 0016 0003     		lsls	r0, r0, #12
  63 0018 5969     		ldr	r1, [r3, #20]
  64              	.LBE2:
  69:Src/gpio.c    ****   __HAL_RCC_GPIOF_CLK_ENABLE();
  70:Src/gpio.c    ****   __HAL_RCC_GPIOA_CLK_ENABLE();
  71:Src/gpio.c    ****   __HAL_RCC_GPIOB_CLK_ENABLE();
  72:Src/gpio.c    ****   __HAL_RCC_GPIOD_CLK_ENABLE();
  73:Src/gpio.c    **** 
  74:Src/gpio.c    ****   /*Configure GPIO pin Output Level */
  75:Src/gpio.c    ****   HAL_GPIO_WritePin(GPIOC, OSC_DELAY_Pin|LD4_Pin|LD3_Pin, GPIO_PIN_RESET);
  65              		.loc 1 75 3 is_stmt 0 view .LVU7
  66 001a 4A4D     		ldr	r5, .L3+4
  67              	.LBB3:
  68:Src/gpio.c    ****   __HAL_RCC_GPIOF_CLK_ENABLE();
  68              		.loc 1 68 3 view .LVU8
  69 001c 0143     		orrs	r1, r0
  70 001e 5961     		str	r1, [r3, #20]
  68:Src/gpio.c    ****   __HAL_RCC_GPIOF_CLK_ENABLE();
  71              		.loc 1 68 3 is_stmt 1 view .LVU9
  72 0020 5A69     		ldr	r2, [r3, #20]
  73              	.LBE3:
  76:Src/gpio.c    **** 
  77:Src/gpio.c    ****   /*Configure GPIO pin Output Level */
  78:Src/gpio.c    ****   HAL_GPIO_WritePin(GPIOB, LED0_Pin|LED1_Pin|LED2_Pin|LED10_Pin 
  79:Src/gpio.c    ****                           |LED11_Pin|LED3_Pin|LED4_Pin|LED5_Pin 
  80:Src/gpio.c    ****                           |LED6_Pin|LED7_Pin|LED8_Pin|LED9_Pin, GPIO_PIN_RESET);
  81:Src/gpio.c    **** 
  82:Src/gpio.c    ****   /*Configure GPIO pins : PC13 PC14 PC15 PC2 
  83:Src/gpio.c    ****                            PC3 PC4 PC5 PC6 
  84:Src/gpio.c    ****                            PC7 PC10 PC11 PC12 */
  85:Src/gpio.c    ****   GPIO_InitStruct.Pin = GPIO_PIN_13|GPIO_PIN_14|GPIO_PIN_15|GPIO_PIN_2 
  86:Src/gpio.c    ****                           |GPIO_PIN_3|GPIO_PIN_4|GPIO_PIN_5|GPIO_PIN_6 
  87:Src/gpio.c    ****                           |GPIO_PIN_7|GPIO_PIN_10|GPIO_PIN_11|GPIO_PIN_12;
  88:Src/gpio.c    ****   GPIO_InitStruct.Mode = GPIO_MODE_ANALOG;
  89:Src/gpio.c    ****   GPIO_InitStruct.Pull = GPIO_NOPULL;
  74              		.loc 1 89 24 is_stmt 0 view .LVU10
  75 0022 0024     		movs	r4, #0
  76              	.LBB4:
  68:Src/gpio.c    ****   __HAL_RCC_GPIOF_CLK_ENABLE();
  77              		.loc 1 68 3 view .LVU11
  78 0024 0240     		ands	r2, r0
  79              	.LBE4:
ARM GAS  /tmp/ccYISygi.s 			page 4


  80              	.LBB5:
  69:Src/gpio.c    ****   __HAL_RCC_GPIOA_CLK_ENABLE();
  81              		.loc 1 69 3 view .LVU12
  82 0026 8020     		movs	r0, #128
  83              	.LBE5:
  84              	.LBB6:
  68:Src/gpio.c    ****   __HAL_RCC_GPIOF_CLK_ENABLE();
  85              		.loc 1 68 3 view .LVU13
  86 0028 0192     		str	r2, [sp, #4]
  68:Src/gpio.c    ****   __HAL_RCC_GPIOF_CLK_ENABLE();
  87              		.loc 1 68 3 is_stmt 1 view .LVU14
  88 002a 019A     		ldr	r2, [sp, #4]
  89              	.LBE6:
  69:Src/gpio.c    ****   __HAL_RCC_GPIOA_CLK_ENABLE();
  90              		.loc 1 69 3 view .LVU15
  91              	.LBB7:
  69:Src/gpio.c    ****   __HAL_RCC_GPIOA_CLK_ENABLE();
  92              		.loc 1 69 3 view .LVU16
  69:Src/gpio.c    ****   __HAL_RCC_GPIOA_CLK_ENABLE();
  93              		.loc 1 69 3 view .LVU17
  94 002c 5969     		ldr	r1, [r3, #20]
  95 002e C003     		lsls	r0, r0, #15
  96 0030 0143     		orrs	r1, r0
  97 0032 5961     		str	r1, [r3, #20]
  69:Src/gpio.c    ****   __HAL_RCC_GPIOA_CLK_ENABLE();
  98              		.loc 1 69 3 view .LVU18
  99 0034 5A69     		ldr	r2, [r3, #20]
 100              	.LBE7:
  90:Src/gpio.c    ****   HAL_GPIO_Init(GPIOC, &GPIO_InitStruct);
  91:Src/gpio.c    **** 
  92:Src/gpio.c    ****   /*Configure GPIO pins : PF0 PF1 PF4 PF5 
  93:Src/gpio.c    ****                            PF6 PF7 */
  94:Src/gpio.c    ****   GPIO_InitStruct.Pin = GPIO_PIN_0|GPIO_PIN_1|GPIO_PIN_4|GPIO_PIN_5 
  95:Src/gpio.c    ****                           |GPIO_PIN_6|GPIO_PIN_7;
  96:Src/gpio.c    ****   GPIO_InitStruct.Mode = GPIO_MODE_ANALOG;
  97:Src/gpio.c    ****   GPIO_InitStruct.Pull = GPIO_NOPULL;
  98:Src/gpio.c    ****   HAL_GPIO_Init(GPIOF, &GPIO_InitStruct);
  99:Src/gpio.c    **** 
 100:Src/gpio.c    ****   /*Configure GPIO pin : PtPin */
 101:Src/gpio.c    ****   GPIO_InitStruct.Pin = PPS_Pin;
 102:Src/gpio.c    ****   GPIO_InitStruct.Mode = GPIO_MODE_IT_RISING;
 103:Src/gpio.c    ****   GPIO_InitStruct.Pull = GPIO_PULLDOWN;
 104:Src/gpio.c    ****   HAL_GPIO_Init(PPS_GPIO_Port, &GPIO_InitStruct);
 105:Src/gpio.c    **** 
 106:Src/gpio.c    ****   /*Configure GPIO pins : PCPin PCPin PCPin */
 107:Src/gpio.c    ****   GPIO_InitStruct.Pin = OSC_DELAY_Pin|LD4_Pin|LD3_Pin;
 101              		.loc 1 107 23 is_stmt 0 view .LVU19
 102 0036 0026     		movs	r6, #0
 103              	.LBB8:
  69:Src/gpio.c    ****   __HAL_RCC_GPIOA_CLK_ENABLE();
 104              		.loc 1 69 3 view .LVU20
 105 0038 0240     		ands	r2, r0
 106              	.LBE8:
 107              	.LBB9:
  70:Src/gpio.c    ****   __HAL_RCC_GPIOB_CLK_ENABLE();
 108              		.loc 1 70 3 view .LVU21
 109 003a 8020     		movs	r0, #128
ARM GAS  /tmp/ccYISygi.s 			page 5


 110              	.LBE9:
 111              	.LBB10:
  69:Src/gpio.c    ****   __HAL_RCC_GPIOA_CLK_ENABLE();
 112              		.loc 1 69 3 view .LVU22
 113 003c 0292     		str	r2, [sp, #8]
  69:Src/gpio.c    ****   __HAL_RCC_GPIOA_CLK_ENABLE();
 114              		.loc 1 69 3 is_stmt 1 view .LVU23
 115 003e 029A     		ldr	r2, [sp, #8]
 116              	.LBE10:
  70:Src/gpio.c    ****   __HAL_RCC_GPIOB_CLK_ENABLE();
 117              		.loc 1 70 3 view .LVU24
 118              	.LBB11:
  70:Src/gpio.c    ****   __HAL_RCC_GPIOB_CLK_ENABLE();
 119              		.loc 1 70 3 view .LVU25
  70:Src/gpio.c    ****   __HAL_RCC_GPIOB_CLK_ENABLE();
 120              		.loc 1 70 3 view .LVU26
 121 0040 5969     		ldr	r1, [r3, #20]
 122 0042 8002     		lsls	r0, r0, #10
 123 0044 0143     		orrs	r1, r0
 124 0046 5961     		str	r1, [r3, #20]
  70:Src/gpio.c    ****   __HAL_RCC_GPIOB_CLK_ENABLE();
 125              		.loc 1 70 3 view .LVU27
 126 0048 5A69     		ldr	r2, [r3, #20]
 127              	.LBE11:
 128              		.loc 1 107 23 is_stmt 0 view .LVU28
 129 004a 0027     		movs	r7, #0
 130              	.LBB12:
  70:Src/gpio.c    ****   __HAL_RCC_GPIOB_CLK_ENABLE();
 131              		.loc 1 70 3 view .LVU29
 132 004c 0240     		ands	r2, r0
 133              	.LBE12:
 134              	.LBB13:
  71:Src/gpio.c    ****   __HAL_RCC_GPIOD_CLK_ENABLE();
 135              		.loc 1 71 3 view .LVU30
 136 004e 8020     		movs	r0, #128
 137              	.LBE13:
 138              	.LBB14:
  70:Src/gpio.c    ****   __HAL_RCC_GPIOB_CLK_ENABLE();
 139              		.loc 1 70 3 view .LVU31
 140 0050 0392     		str	r2, [sp, #12]
  70:Src/gpio.c    ****   __HAL_RCC_GPIOB_CLK_ENABLE();
 141              		.loc 1 70 3 is_stmt 1 view .LVU32
 142 0052 039A     		ldr	r2, [sp, #12]
 143              	.LBE14:
  71:Src/gpio.c    ****   __HAL_RCC_GPIOD_CLK_ENABLE();
 144              		.loc 1 71 3 view .LVU33
 145              	.LBB15:
  71:Src/gpio.c    ****   __HAL_RCC_GPIOD_CLK_ENABLE();
 146              		.loc 1 71 3 view .LVU34
  71:Src/gpio.c    ****   __HAL_RCC_GPIOD_CLK_ENABLE();
 147              		.loc 1 71 3 view .LVU35
 148 0054 5969     		ldr	r1, [r3, #20]
 149 0056 C002     		lsls	r0, r0, #11
 150 0058 0143     		orrs	r1, r0
 151 005a 5961     		str	r1, [r3, #20]
  71:Src/gpio.c    ****   __HAL_RCC_GPIOD_CLK_ENABLE();
 152              		.loc 1 71 3 view .LVU36
ARM GAS  /tmp/ccYISygi.s 			page 6


 153              	.LBE15:
 154              	.LBB16:
  72:Src/gpio.c    **** 
 155              		.loc 1 72 3 is_stmt 0 view .LVU37
 156 005c 8021     		movs	r1, #128
 157              	.LBE16:
 158              	.LBB17:
  71:Src/gpio.c    ****   __HAL_RCC_GPIOD_CLK_ENABLE();
 159              		.loc 1 71 3 view .LVU38
 160 005e 5A69     		ldr	r2, [r3, #20]
 161              	.LBE17:
 162              	.LBB18:
  72:Src/gpio.c    **** 
 163              		.loc 1 72 3 view .LVU39
 164 0060 4903     		lsls	r1, r1, #13
 165              	.LBE18:
 166              	.LBB19:
  71:Src/gpio.c    ****   __HAL_RCC_GPIOD_CLK_ENABLE();
 167              		.loc 1 71 3 view .LVU40
 168 0062 0240     		ands	r2, r0
 169 0064 0492     		str	r2, [sp, #16]
  71:Src/gpio.c    ****   __HAL_RCC_GPIOD_CLK_ENABLE();
 170              		.loc 1 71 3 is_stmt 1 view .LVU41
 171 0066 049A     		ldr	r2, [sp, #16]
 172              	.LBE19:
  72:Src/gpio.c    **** 
 173              		.loc 1 72 3 view .LVU42
 174              	.LBB20:
  72:Src/gpio.c    **** 
 175              		.loc 1 72 3 view .LVU43
  72:Src/gpio.c    **** 
 176              		.loc 1 72 3 view .LVU44
 177 0068 5A69     		ldr	r2, [r3, #20]
 178              	.LBE20:
  75:Src/gpio.c    **** 
 179              		.loc 1 75 3 is_stmt 0 view .LVU45
 180 006a 2800     		movs	r0, r5
 181              	.LBB21:
  72:Src/gpio.c    **** 
 182              		.loc 1 72 3 view .LVU46
 183 006c 0A43     		orrs	r2, r1
 184 006e 5A61     		str	r2, [r3, #20]
  72:Src/gpio.c    **** 
 185              		.loc 1 72 3 is_stmt 1 view .LVU47
 186 0070 5B69     		ldr	r3, [r3, #20]
 187              	.LBE21:
  75:Src/gpio.c    **** 
 188              		.loc 1 75 3 is_stmt 0 view .LVU48
 189 0072 0022     		movs	r2, #0
 190              	.LBB22:
  72:Src/gpio.c    **** 
 191              		.loc 1 72 3 view .LVU49
 192 0074 0B40     		ands	r3, r1
 193 0076 0593     		str	r3, [sp, #20]
  72:Src/gpio.c    **** 
 194              		.loc 1 72 3 is_stmt 1 view .LVU50
 195              	.LBE22:
ARM GAS  /tmp/ccYISygi.s 			page 7


  75:Src/gpio.c    **** 
 196              		.loc 1 75 3 is_stmt 0 view .LVU51
 197 0078 3349     		ldr	r1, .L3+8
 198              	.LBB23:
  72:Src/gpio.c    **** 
 199              		.loc 1 72 3 view .LVU52
 200 007a 059B     		ldr	r3, [sp, #20]
 201              	.LBE23:
  75:Src/gpio.c    **** 
 202              		.loc 1 75 3 is_stmt 1 view .LVU53
 203 007c FFF7FEFF 		bl	HAL_GPIO_WritePin
 204              	.LVL1:
  78:Src/gpio.c    ****                           |LED11_Pin|LED3_Pin|LED4_Pin|LED5_Pin 
 205              		.loc 1 78 3 view .LVU54
 206 0080 324B     		ldr	r3, .L3+12
 207 0082 0022     		movs	r2, #0
 208 0084 1800     		movs	r0, r3
 209 0086 3249     		ldr	r1, .L3+16
 210 0088 9846     		mov	r8, r3
 211 008a FFF7FEFF 		bl	HAL_GPIO_WritePin
 212              	.LVL2:
  85:Src/gpio.c    ****                           |GPIO_PIN_3|GPIO_PIN_4|GPIO_PIN_5|GPIO_PIN_6 
 213              		.loc 1 85 3 view .LVU55
  88:Src/gpio.c    ****   GPIO_InitStruct.Pull = GPIO_NOPULL;
 214              		.loc 1 88 3 view .LVU56
  85:Src/gpio.c    ****                           |GPIO_PIN_3|GPIO_PIN_4|GPIO_PIN_5|GPIO_PIN_6 
 215              		.loc 1 85 23 is_stmt 0 view .LVU57
 216 008e 0323     		movs	r3, #3
 217 0090 304A     		ldr	r2, .L3+20
  90:Src/gpio.c    **** 
 218              		.loc 1 90 3 view .LVU58
 219 0092 06A9     		add	r1, sp, #24
 220 0094 2800     		movs	r0, r5
  85:Src/gpio.c    ****                           |GPIO_PIN_3|GPIO_PIN_4|GPIO_PIN_5|GPIO_PIN_6 
 221              		.loc 1 85 23 view .LVU59
 222 0096 0692     		str	r2, [sp, #24]
 223 0098 0793     		str	r3, [sp, #28]
  89:Src/gpio.c    ****   HAL_GPIO_Init(GPIOC, &GPIO_InitStruct);
 224              		.loc 1 89 3 is_stmt 1 view .LVU60
  89:Src/gpio.c    ****   HAL_GPIO_Init(GPIOC, &GPIO_InitStruct);
 225              		.loc 1 89 24 is_stmt 0 view .LVU61
 226 009a 0894     		str	r4, [sp, #32]
  90:Src/gpio.c    **** 
 227              		.loc 1 90 3 is_stmt 1 view .LVU62
 228 009c FFF7FEFF 		bl	HAL_GPIO_Init
 229              	.LVL3:
  94:Src/gpio.c    ****                           |GPIO_PIN_6|GPIO_PIN_7;
 230              		.loc 1 94 3 view .LVU63
  96:Src/gpio.c    ****   GPIO_InitStruct.Pull = GPIO_NOPULL;
 231              		.loc 1 96 3 view .LVU64
  94:Src/gpio.c    ****                           |GPIO_PIN_6|GPIO_PIN_7;
 232              		.loc 1 94 23 is_stmt 0 view .LVU65
 233 00a0 F322     		movs	r2, #243
 234 00a2 0323     		movs	r3, #3
  98:Src/gpio.c    **** 
 235              		.loc 1 98 3 view .LVU66
 236 00a4 06A9     		add	r1, sp, #24
ARM GAS  /tmp/ccYISygi.s 			page 8


 237 00a6 2C48     		ldr	r0, .L3+24
  94:Src/gpio.c    ****                           |GPIO_PIN_6|GPIO_PIN_7;
 238              		.loc 1 94 23 view .LVU67
 239 00a8 0692     		str	r2, [sp, #24]
 240 00aa 0793     		str	r3, [sp, #28]
  97:Src/gpio.c    ****   HAL_GPIO_Init(GPIOF, &GPIO_InitStruct);
 241              		.loc 1 97 3 is_stmt 1 view .LVU68
  97:Src/gpio.c    ****   HAL_GPIO_Init(GPIOF, &GPIO_InitStruct);
 242              		.loc 1 97 24 is_stmt 0 view .LVU69
 243 00ac 0894     		str	r4, [sp, #32]
  98:Src/gpio.c    **** 
 244              		.loc 1 98 3 is_stmt 1 view .LVU70
 245 00ae FFF7FEFF 		bl	HAL_GPIO_Init
 246              	.LVL4:
 101:Src/gpio.c    ****   GPIO_InitStruct.Mode = GPIO_MODE_IT_RISING;
 247              		.loc 1 101 3 view .LVU71
 102:Src/gpio.c    ****   GPIO_InitStruct.Pull = GPIO_PULLDOWN;
 248              		.loc 1 102 3 view .LVU72
 101:Src/gpio.c    ****   GPIO_InitStruct.Mode = GPIO_MODE_IT_RISING;
 249              		.loc 1 101 23 is_stmt 0 view .LVU73
 250 00b2 0122     		movs	r2, #1
 251 00b4 294B     		ldr	r3, .L3+28
 104:Src/gpio.c    **** 
 252              		.loc 1 104 3 view .LVU74
 253 00b6 06A9     		add	r1, sp, #24
 101:Src/gpio.c    ****   GPIO_InitStruct.Mode = GPIO_MODE_IT_RISING;
 254              		.loc 1 101 23 view .LVU75
 255 00b8 0692     		str	r2, [sp, #24]
 256 00ba 0793     		str	r3, [sp, #28]
 103:Src/gpio.c    ****   HAL_GPIO_Init(PPS_GPIO_Port, &GPIO_InitStruct);
 257              		.loc 1 103 3 is_stmt 1 view .LVU76
 103:Src/gpio.c    ****   HAL_GPIO_Init(PPS_GPIO_Port, &GPIO_InitStruct);
 258              		.loc 1 103 24 is_stmt 0 view .LVU77
 259 00bc 0223     		movs	r3, #2
 104:Src/gpio.c    **** 
 260              		.loc 1 104 3 view .LVU78
 261 00be 2800     		movs	r0, r5
 103:Src/gpio.c    ****   HAL_GPIO_Init(PPS_GPIO_Port, &GPIO_InitStruct);
 262              		.loc 1 103 24 view .LVU79
 263 00c0 0893     		str	r3, [sp, #32]
 104:Src/gpio.c    **** 
 264              		.loc 1 104 3 is_stmt 1 view .LVU80
 265 00c2 FFF7FEFF 		bl	HAL_GPIO_Init
 266              	.LVL5:
 267              		.loc 1 107 3 view .LVU81
 108:Src/gpio.c    ****   GPIO_InitStruct.Mode = GPIO_MODE_OUTPUT_PP;
 268              		.loc 1 108 3 view .LVU82
 109:Src/gpio.c    ****   GPIO_InitStruct.Pull = GPIO_NOPULL;
 269              		.loc 1 109 3 view .LVU83
 110:Src/gpio.c    ****   GPIO_InitStruct.Speed = GPIO_SPEED_FREQ_LOW;
 270              		.loc 1 110 3 view .LVU84
 107:Src/gpio.c    ****   GPIO_InitStruct.Mode = GPIO_MODE_OUTPUT_PP;
 271              		.loc 1 107 23 is_stmt 0 view .LVU85
 272 00c6 0123     		movs	r3, #1
 273 00c8 1F4A     		ldr	r2, .L3+8
 111:Src/gpio.c    ****   HAL_GPIO_Init(GPIOC, &GPIO_InitStruct);
 274              		.loc 1 111 3 view .LVU86
ARM GAS  /tmp/ccYISygi.s 			page 9


 275 00ca 06A9     		add	r1, sp, #24
 276 00cc 2800     		movs	r0, r5
 107:Src/gpio.c    ****   GPIO_InitStruct.Mode = GPIO_MODE_OUTPUT_PP;
 277              		.loc 1 107 23 view .LVU87
 278 00ce 0692     		str	r2, [sp, #24]
 279 00d0 0793     		str	r3, [sp, #28]
 280 00d2 0896     		str	r6, [sp, #32]
 281 00d4 0997     		str	r7, [sp, #36]
 282              		.loc 1 111 3 is_stmt 1 view .LVU88
 283 00d6 FFF7FEFF 		bl	HAL_GPIO_Init
 284              	.LVL6:
 112:Src/gpio.c    **** 
 113:Src/gpio.c    ****   /*Configure GPIO pins : PA0 PA1 PA4 PA5 
 114:Src/gpio.c    ****                            PA6 PA7 PA8 PA9 
 115:Src/gpio.c    ****                            PA10 PA11 PA12 PA15 */
 116:Src/gpio.c    ****   GPIO_InitStruct.Pin = GPIO_PIN_0|GPIO_PIN_1|GPIO_PIN_4|GPIO_PIN_5 
 285              		.loc 1 116 3 view .LVU89
 117:Src/gpio.c    ****                           |GPIO_PIN_6|GPIO_PIN_7|GPIO_PIN_8|GPIO_PIN_9 
 118:Src/gpio.c    ****                           |GPIO_PIN_10|GPIO_PIN_11|GPIO_PIN_12|GPIO_PIN_15;
 119:Src/gpio.c    ****   GPIO_InitStruct.Mode = GPIO_MODE_ANALOG;
 286              		.loc 1 119 3 view .LVU90
 120:Src/gpio.c    ****   GPIO_InitStruct.Pull = GPIO_NOPULL;
 121:Src/gpio.c    ****   HAL_GPIO_Init(GPIOA, &GPIO_InitStruct);
 287              		.loc 1 121 3 is_stmt 0 view .LVU91
 288 00da 9020     		movs	r0, #144
 116:Src/gpio.c    ****                           |GPIO_PIN_6|GPIO_PIN_7|GPIO_PIN_8|GPIO_PIN_9 
 289              		.loc 1 116 23 view .LVU92
 290 00dc 0323     		movs	r3, #3
 291 00de 204A     		ldr	r2, .L3+32
 292              		.loc 1 121 3 view .LVU93
 293 00e0 06A9     		add	r1, sp, #24
 294 00e2 C005     		lsls	r0, r0, #23
 116:Src/gpio.c    ****                           |GPIO_PIN_6|GPIO_PIN_7|GPIO_PIN_8|GPIO_PIN_9 
 295              		.loc 1 116 23 view .LVU94
 296 00e4 0692     		str	r2, [sp, #24]
 297 00e6 0793     		str	r3, [sp, #28]
 120:Src/gpio.c    ****   GPIO_InitStruct.Pull = GPIO_NOPULL;
 298              		.loc 1 120 3 is_stmt 1 view .LVU95
 120:Src/gpio.c    ****   GPIO_InitStruct.Pull = GPIO_NOPULL;
 299              		.loc 1 120 24 is_stmt 0 view .LVU96
 300 00e8 0894     		str	r4, [sp, #32]
 301              		.loc 1 121 3 is_stmt 1 view .LVU97
 302 00ea FFF7FEFF 		bl	HAL_GPIO_Init
 303              	.LVL7:
 122:Src/gpio.c    **** 
 123:Src/gpio.c    ****   /*Configure GPIO pins : PBPin PBPin PBPin PBPin 
 124:Src/gpio.c    ****                            PBPin PBPin PBPin PBPin 
 125:Src/gpio.c    ****                            PBPin PBPin PBPin PBPin */
 126:Src/gpio.c    ****   GPIO_InitStruct.Pin = LED0_Pin|LED1_Pin|LED2_Pin|LED10_Pin 
 304              		.loc 1 126 3 view .LVU98
 127:Src/gpio.c    ****                           |LED11_Pin|LED3_Pin|LED4_Pin|LED5_Pin 
 128:Src/gpio.c    ****                           |LED6_Pin|LED7_Pin|LED8_Pin|LED9_Pin;
 129:Src/gpio.c    ****   GPIO_InitStruct.Mode = GPIO_MODE_OUTPUT_PP;
 305              		.loc 1 129 3 view .LVU99
 130:Src/gpio.c    ****   GPIO_InitStruct.Pull = GPIO_NOPULL;
 306              		.loc 1 130 3 view .LVU100
 131:Src/gpio.c    ****   GPIO_InitStruct.Speed = GPIO_SPEED_FREQ_LOW;
ARM GAS  /tmp/ccYISygi.s 			page 10


 307              		.loc 1 131 3 view .LVU101
 126:Src/gpio.c    ****                           |LED11_Pin|LED3_Pin|LED4_Pin|LED5_Pin 
 308              		.loc 1 126 23 is_stmt 0 view .LVU102
 309 00ee 0123     		movs	r3, #1
 310 00f0 174A     		ldr	r2, .L3+16
 132:Src/gpio.c    ****   HAL_GPIO_Init(GPIOB, &GPIO_InitStruct);
 311              		.loc 1 132 3 view .LVU103
 312 00f2 06A9     		add	r1, sp, #24
 313 00f4 4046     		mov	r0, r8
 126:Src/gpio.c    ****                           |LED11_Pin|LED3_Pin|LED4_Pin|LED5_Pin 
 314              		.loc 1 126 23 view .LVU104
 315 00f6 0692     		str	r2, [sp, #24]
 316 00f8 0793     		str	r3, [sp, #28]
 317 00fa 0896     		str	r6, [sp, #32]
 318 00fc 0997     		str	r7, [sp, #36]
 319              		.loc 1 132 3 is_stmt 1 view .LVU105
 320 00fe FFF7FEFF 		bl	HAL_GPIO_Init
 321              	.LVL8:
 133:Src/gpio.c    **** 
 134:Src/gpio.c    ****   /*Configure GPIO pins : PB12 PB13 PB14 PB15 */
 135:Src/gpio.c    ****   GPIO_InitStruct.Pin = GPIO_PIN_12|GPIO_PIN_13|GPIO_PIN_14|GPIO_PIN_15;
 322              		.loc 1 135 3 view .LVU106
 136:Src/gpio.c    ****   GPIO_InitStruct.Mode = GPIO_MODE_ANALOG;
 323              		.loc 1 136 3 view .LVU107
 135:Src/gpio.c    ****   GPIO_InitStruct.Mode = GPIO_MODE_ANALOG;
 324              		.loc 1 135 23 is_stmt 0 view .LVU108
 325 0102 F022     		movs	r2, #240
 326 0104 0323     		movs	r3, #3
 327 0106 1202     		lsls	r2, r2, #8
 137:Src/gpio.c    ****   GPIO_InitStruct.Pull = GPIO_NOPULL;
 138:Src/gpio.c    ****   HAL_GPIO_Init(GPIOB, &GPIO_InitStruct);
 328              		.loc 1 138 3 view .LVU109
 329 0108 06A9     		add	r1, sp, #24
 330 010a 4046     		mov	r0, r8
 135:Src/gpio.c    ****   GPIO_InitStruct.Mode = GPIO_MODE_ANALOG;
 331              		.loc 1 135 23 view .LVU110
 332 010c 0692     		str	r2, [sp, #24]
 333 010e 0793     		str	r3, [sp, #28]
 137:Src/gpio.c    ****   GPIO_InitStruct.Pull = GPIO_NOPULL;
 334              		.loc 1 137 3 is_stmt 1 view .LVU111
 137:Src/gpio.c    ****   GPIO_InitStruct.Pull = GPIO_NOPULL;
 335              		.loc 1 137 24 is_stmt 0 view .LVU112
 336 0110 0894     		str	r4, [sp, #32]
 337              		.loc 1 138 3 is_stmt 1 view .LVU113
 338 0112 FFF7FEFF 		bl	HAL_GPIO_Init
 339              	.LVL9:
 139:Src/gpio.c    **** 
 140:Src/gpio.c    ****   /*Configure GPIO pin : PD2 */
 141:Src/gpio.c    ****   GPIO_InitStruct.Pin = GPIO_PIN_2;
 340              		.loc 1 141 3 view .LVU114
 142:Src/gpio.c    ****   GPIO_InitStruct.Mode = GPIO_MODE_ANALOG;
 341              		.loc 1 142 3 view .LVU115
 141:Src/gpio.c    ****   GPIO_InitStruct.Mode = GPIO_MODE_ANALOG;
 342              		.loc 1 141 23 is_stmt 0 view .LVU116
 343 0116 0323     		movs	r3, #3
 344 0118 0422     		movs	r2, #4
 143:Src/gpio.c    ****   GPIO_InitStruct.Pull = GPIO_NOPULL;
ARM GAS  /tmp/ccYISygi.s 			page 11


 144:Src/gpio.c    ****   HAL_GPIO_Init(GPIOD, &GPIO_InitStruct);
 345              		.loc 1 144 3 view .LVU117
 346 011a 06A9     		add	r1, sp, #24
 347 011c 1148     		ldr	r0, .L3+36
 141:Src/gpio.c    ****   GPIO_InitStruct.Mode = GPIO_MODE_ANALOG;
 348              		.loc 1 141 23 view .LVU118
 349 011e 0692     		str	r2, [sp, #24]
 350 0120 0793     		str	r3, [sp, #28]
 143:Src/gpio.c    ****   GPIO_InitStruct.Pull = GPIO_NOPULL;
 351              		.loc 1 143 3 is_stmt 1 view .LVU119
 143:Src/gpio.c    ****   GPIO_InitStruct.Pull = GPIO_NOPULL;
 352              		.loc 1 143 24 is_stmt 0 view .LVU120
 353 0122 0894     		str	r4, [sp, #32]
 354              		.loc 1 144 3 is_stmt 1 view .LVU121
 355 0124 FFF7FEFF 		bl	HAL_GPIO_Init
 356              	.LVL10:
 145:Src/gpio.c    **** 
 146:Src/gpio.c    ****   /* EXTI interrupt init*/
 147:Src/gpio.c    ****   HAL_NVIC_SetPriority(EXTI0_1_IRQn, 0, 0);
 357              		.loc 1 147 3 view .LVU122
 358 0128 0022     		movs	r2, #0
 359 012a 0021     		movs	r1, #0
 360 012c 0520     		movs	r0, #5
 361 012e FFF7FEFF 		bl	HAL_NVIC_SetPriority
 362              	.LVL11:
 148:Src/gpio.c    ****   HAL_NVIC_EnableIRQ(EXTI0_1_IRQn);
 363              		.loc 1 148 3 view .LVU123
 364 0132 0520     		movs	r0, #5
 365 0134 FFF7FEFF 		bl	HAL_NVIC_EnableIRQ
 366              	.LVL12:
 149:Src/gpio.c    **** 
 150:Src/gpio.c    **** }
 367              		.loc 1 150 1 is_stmt 0 view .LVU124
 368 0138 0CB0     		add	sp, sp, #48
 369              		@ sp needed
 370 013a 04BC     		pop	{r2}
 371 013c 9046     		mov	r8, r2
 372 013e F0BD     		pop	{r4, r5, r6, r7, pc}
 373              	.L4:
 374              		.align	2
 375              	.L3:
 376 0140 00100240 		.word	1073876992
 377 0144 00080048 		.word	1207961600
 378 0148 02030000 		.word	770
 379 014c 00040048 		.word	1207960576
 380 0150 FF0F0000 		.word	4095
 381 0154 FCFC0000 		.word	64764
 382 0158 00140048 		.word	1207964672
 383 015c 00001110 		.word	269549568
 384 0160 F39F0000 		.word	40947
 385 0164 000C0048 		.word	1207962624
 386              		.cfi_endproc
 387              	.LFE37:
 389              		.text
 390              	.Letext0:
 391              		.file 2 "/usr/arm-none-eabi/include/machine/_default_types.h"
 392              		.file 3 "/usr/arm-none-eabi/include/sys/_stdint.h"
ARM GAS  /tmp/ccYISygi.s 			page 12


 393              		.file 4 "Drivers/CMSIS/Device/ST/STM32F0xx/Include/system_stm32f0xx.h"
 394              		.file 5 "Drivers/CMSIS/Device/ST/STM32F0xx/Include/stm32f030x8.h"
 395              		.file 6 "/usr/arm-none-eabi/include/sys/lock.h"
 396              		.file 7 "/usr/arm-none-eabi/include/sys/_types.h"
 397              		.file 8 "/usr/lib/gcc/arm-none-eabi/8.2.0/include/stddef.h"
 398              		.file 9 "/usr/arm-none-eabi/include/sys/reent.h"
 399              		.file 10 "Drivers/STM32F0xx_HAL_Driver/Inc/stm32f0xx_hal_gpio.h"
 400              		.file 11 "Drivers/STM32F0xx_HAL_Driver/Inc/stm32f0xx_hal_cortex.h"
 401              		.file 12 "<built-in>"
ARM GAS  /tmp/ccYISygi.s 			page 13


DEFINED SYMBOLS
                            *ABS*:0000000000000000 gpio.c
     /tmp/ccYISygi.s:16     .text.MX_GPIO_Init:0000000000000000 $t
     /tmp/ccYISygi.s:25     .text.MX_GPIO_Init:0000000000000000 MX_GPIO_Init
     /tmp/ccYISygi.s:376    .text.MX_GPIO_Init:0000000000000140 $d

UNDEFINED SYMBOLS
memset
HAL_GPIO_WritePin
HAL_GPIO_Init
HAL_NVIC_SetPriority
HAL_NVIC_EnableIRQ
