ARM GAS  /tmp/cc6EQfss.s 			page 1


   1              		.cpu cortex-m0
   2              		.eabi_attribute 20, 1
   3              		.eabi_attribute 21, 1
   4              		.eabi_attribute 23, 3
   5              		.eabi_attribute 24, 1
   6              		.eabi_attribute 25, 1
   7              		.eabi_attribute 26, 1
   8              		.eabi_attribute 30, 2
   9              		.eabi_attribute 34, 0
  10              		.eabi_attribute 18, 4
  11              		.file	"stm32f0xx_hal_msp.c"
  12              		.text
  13              	.Ltext0:
  14              		.cfi_sections	.debug_frame
  15              		.section	.text.HAL_MspInit,"ax",%progbits
  16              		.align	1
  17              		.p2align 2,,3
  18              		.global	HAL_MspInit
  19              		.arch armv6s-m
  20              		.syntax unified
  21              		.code	16
  22              		.thumb_func
  23              		.fpu softvfp
  25              	HAL_MspInit:
  26              	.LFB37:
  27              		.file 1 "Src/stm32f0xx_hal_msp.c"
   1:Src/stm32f0xx_hal_msp.c **** /* USER CODE BEGIN Header */
   2:Src/stm32f0xx_hal_msp.c **** /**
   3:Src/stm32f0xx_hal_msp.c ****   ******************************************************************************
   4:Src/stm32f0xx_hal_msp.c ****   * File Name          : stm32f0xx_hal_msp.c
   5:Src/stm32f0xx_hal_msp.c ****   * Description        : This file provides code for the MSP Initialization 
   6:Src/stm32f0xx_hal_msp.c ****   *                      and de-Initialization codes.
   7:Src/stm32f0xx_hal_msp.c ****   ******************************************************************************
   8:Src/stm32f0xx_hal_msp.c ****   ** This notice applies to any and all portions of this file
   9:Src/stm32f0xx_hal_msp.c ****   * that are not between comment pairs USER CODE BEGIN and
  10:Src/stm32f0xx_hal_msp.c ****   * USER CODE END. Other portions of this file, whether 
  11:Src/stm32f0xx_hal_msp.c ****   * inserted by the user or by software development tools
  12:Src/stm32f0xx_hal_msp.c ****   * are owned by their respective copyright owners.
  13:Src/stm32f0xx_hal_msp.c ****   *
  14:Src/stm32f0xx_hal_msp.c ****   * COPYRIGHT(c) 2019 STMicroelectronics
  15:Src/stm32f0xx_hal_msp.c ****   *
  16:Src/stm32f0xx_hal_msp.c ****   * Redistribution and use in source and binary forms, with or without modification,
  17:Src/stm32f0xx_hal_msp.c ****   * are permitted provided that the following conditions are met:
  18:Src/stm32f0xx_hal_msp.c ****   *   1. Redistributions of source code must retain the above copyright notice,
  19:Src/stm32f0xx_hal_msp.c ****   *      this list of conditions and the following disclaimer.
  20:Src/stm32f0xx_hal_msp.c ****   *   2. Redistributions in binary form must reproduce the above copyright notice,
  21:Src/stm32f0xx_hal_msp.c ****   *      this list of conditions and the following disclaimer in the documentation
  22:Src/stm32f0xx_hal_msp.c ****   *      and/or other materials provided with the distribution.
  23:Src/stm32f0xx_hal_msp.c ****   *   3. Neither the name of STMicroelectronics nor the names of its contributors
  24:Src/stm32f0xx_hal_msp.c ****   *      may be used to endorse or promote products derived from this software
  25:Src/stm32f0xx_hal_msp.c ****   *      without specific prior written permission.
  26:Src/stm32f0xx_hal_msp.c ****   *
  27:Src/stm32f0xx_hal_msp.c ****   * THIS SOFTWARE IS PROVIDED BY THE COPYRIGHT HOLDERS AND CONTRIBUTORS "AS IS"
  28:Src/stm32f0xx_hal_msp.c ****   * AND ANY EXPRESS OR IMPLIED WARRANTIES, INCLUDING, BUT NOT LIMITED TO, THE
  29:Src/stm32f0xx_hal_msp.c ****   * IMPLIED WARRANTIES OF MERCHANTABILITY AND FITNESS FOR A PARTICULAR PURPOSE ARE
  30:Src/stm32f0xx_hal_msp.c ****   * DISCLAIMED. IN NO EVENT SHALL THE COPYRIGHT HOLDER OR CONTRIBUTORS BE LIABLE
  31:Src/stm32f0xx_hal_msp.c ****   * FOR ANY DIRECT, INDIRECT, INCIDENTAL, SPECIAL, EXEMPLARY, OR CONSEQUENTIAL
ARM GAS  /tmp/cc6EQfss.s 			page 2


  32:Src/stm32f0xx_hal_msp.c ****   * DAMAGES (INCLUDING, BUT NOT LIMITED TO, PROCUREMENT OF SUBSTITUTE GOODS OR
  33:Src/stm32f0xx_hal_msp.c ****   * SERVICES; LOSS OF USE, DATA, OR PROFITS; OR BUSINESS INTERRUPTION) HOWEVER
  34:Src/stm32f0xx_hal_msp.c ****   * CAUSED AND ON ANY THEORY OF LIABILITY, WHETHER IN CONTRACT, STRICT LIABILITY,
  35:Src/stm32f0xx_hal_msp.c ****   * OR TORT (INCLUDING NEGLIGENCE OR OTHERWISE) ARISING IN ANY WAY OUT OF THE USE
  36:Src/stm32f0xx_hal_msp.c ****   * OF THIS SOFTWARE, EVEN IF ADVISED OF THE POSSIBILITY OF SUCH DAMAGE.
  37:Src/stm32f0xx_hal_msp.c ****   *
  38:Src/stm32f0xx_hal_msp.c ****   ******************************************************************************
  39:Src/stm32f0xx_hal_msp.c ****   */
  40:Src/stm32f0xx_hal_msp.c **** /* USER CODE END Header */
  41:Src/stm32f0xx_hal_msp.c **** 
  42:Src/stm32f0xx_hal_msp.c **** /* Includes ------------------------------------------------------------------*/
  43:Src/stm32f0xx_hal_msp.c **** #include "main.h"
  44:Src/stm32f0xx_hal_msp.c **** /* USER CODE BEGIN Includes */
  45:Src/stm32f0xx_hal_msp.c **** 
  46:Src/stm32f0xx_hal_msp.c **** /* USER CODE END Includes */
  47:Src/stm32f0xx_hal_msp.c **** 
  48:Src/stm32f0xx_hal_msp.c **** /* Private typedef -----------------------------------------------------------*/
  49:Src/stm32f0xx_hal_msp.c **** /* USER CODE BEGIN TD */
  50:Src/stm32f0xx_hal_msp.c **** 
  51:Src/stm32f0xx_hal_msp.c **** /* USER CODE END TD */
  52:Src/stm32f0xx_hal_msp.c **** 
  53:Src/stm32f0xx_hal_msp.c **** /* Private define ------------------------------------------------------------*/
  54:Src/stm32f0xx_hal_msp.c **** /* USER CODE BEGIN Define */
  55:Src/stm32f0xx_hal_msp.c ****  
  56:Src/stm32f0xx_hal_msp.c **** /* USER CODE END Define */
  57:Src/stm32f0xx_hal_msp.c **** 
  58:Src/stm32f0xx_hal_msp.c **** /* Private macro -------------------------------------------------------------*/
  59:Src/stm32f0xx_hal_msp.c **** /* USER CODE BEGIN Macro */
  60:Src/stm32f0xx_hal_msp.c **** 
  61:Src/stm32f0xx_hal_msp.c **** /* USER CODE END Macro */
  62:Src/stm32f0xx_hal_msp.c **** 
  63:Src/stm32f0xx_hal_msp.c **** /* Private variables ---------------------------------------------------------*/
  64:Src/stm32f0xx_hal_msp.c **** /* USER CODE BEGIN PV */
  65:Src/stm32f0xx_hal_msp.c **** 
  66:Src/stm32f0xx_hal_msp.c **** /* USER CODE END PV */
  67:Src/stm32f0xx_hal_msp.c **** 
  68:Src/stm32f0xx_hal_msp.c **** /* Private function prototypes -----------------------------------------------*/
  69:Src/stm32f0xx_hal_msp.c **** /* USER CODE BEGIN PFP */
  70:Src/stm32f0xx_hal_msp.c **** 
  71:Src/stm32f0xx_hal_msp.c **** /* USER CODE END PFP */
  72:Src/stm32f0xx_hal_msp.c **** 
  73:Src/stm32f0xx_hal_msp.c **** /* External functions --------------------------------------------------------*/
  74:Src/stm32f0xx_hal_msp.c **** /* USER CODE BEGIN ExternalFunctions */
  75:Src/stm32f0xx_hal_msp.c **** 
  76:Src/stm32f0xx_hal_msp.c **** /* USER CODE END ExternalFunctions */
  77:Src/stm32f0xx_hal_msp.c **** 
  78:Src/stm32f0xx_hal_msp.c **** /* USER CODE BEGIN 0 */
  79:Src/stm32f0xx_hal_msp.c **** 
  80:Src/stm32f0xx_hal_msp.c **** /* USER CODE END 0 */
  81:Src/stm32f0xx_hal_msp.c **** /**
  82:Src/stm32f0xx_hal_msp.c ****   * Initializes the Global MSP.
  83:Src/stm32f0xx_hal_msp.c ****   */
  84:Src/stm32f0xx_hal_msp.c **** void HAL_MspInit(void)
  85:Src/stm32f0xx_hal_msp.c **** {
  28              		.loc 1 85 1 view -0
  29              		.cfi_startproc
  30              		@ args = 0, pretend = 0, frame = 8
ARM GAS  /tmp/cc6EQfss.s 			page 3


  31              		@ frame_needed = 0, uses_anonymous_args = 0
  32              		@ link register save eliminated.
  86:Src/stm32f0xx_hal_msp.c ****   /* USER CODE BEGIN MspInit 0 */
  87:Src/stm32f0xx_hal_msp.c **** 
  88:Src/stm32f0xx_hal_msp.c ****   /* USER CODE END MspInit 0 */
  89:Src/stm32f0xx_hal_msp.c **** 
  90:Src/stm32f0xx_hal_msp.c ****   __HAL_RCC_SYSCFG_CLK_ENABLE();
  33              		.loc 1 90 3 view .LVU1
  34              	.LBB2:
  35              		.loc 1 90 3 view .LVU2
  36              		.loc 1 90 3 view .LVU3
  37 0000 0122     		movs	r2, #1
  38 0002 0A4B     		ldr	r3, .L3
  39              	.LBE2:
  85:Src/stm32f0xx_hal_msp.c ****   /* USER CODE BEGIN MspInit 0 */
  40              		.loc 1 85 1 is_stmt 0 view .LVU4
  41 0004 82B0     		sub	sp, sp, #8
  42              	.LCFI0:
  43              		.cfi_def_cfa_offset 8
  44              	.LBB3:
  45              		.loc 1 90 3 view .LVU5
  46 0006 9969     		ldr	r1, [r3, #24]
  47 0008 1143     		orrs	r1, r2
  48 000a 9961     		str	r1, [r3, #24]
  49              		.loc 1 90 3 is_stmt 1 view .LVU6
  50 000c 9969     		ldr	r1, [r3, #24]
  51 000e 0A40     		ands	r2, r1
  52              	.LBE3:
  53              	.LBB4:
  91:Src/stm32f0xx_hal_msp.c ****   __HAL_RCC_PWR_CLK_ENABLE();
  54              		.loc 1 91 3 is_stmt 0 view .LVU7
  55 0010 8021     		movs	r1, #128
  56              	.LBE4:
  57              	.LBB5:
  90:Src/stm32f0xx_hal_msp.c ****   __HAL_RCC_PWR_CLK_ENABLE();
  58              		.loc 1 90 3 view .LVU8
  59 0012 0092     		str	r2, [sp]
  90:Src/stm32f0xx_hal_msp.c ****   __HAL_RCC_PWR_CLK_ENABLE();
  60              		.loc 1 90 3 is_stmt 1 view .LVU9
  61 0014 009A     		ldr	r2, [sp]
  62              	.LBE5:
  63              		.loc 1 91 3 view .LVU10
  64              	.LBB6:
  65              		.loc 1 91 3 view .LVU11
  66              		.loc 1 91 3 view .LVU12
  67 0016 DA69     		ldr	r2, [r3, #28]
  68 0018 4905     		lsls	r1, r1, #21
  69 001a 0A43     		orrs	r2, r1
  70 001c DA61     		str	r2, [r3, #28]
  71              		.loc 1 91 3 view .LVU13
  72 001e DB69     		ldr	r3, [r3, #28]
  73 0020 0B40     		ands	r3, r1
  74 0022 0193     		str	r3, [sp, #4]
  75              		.loc 1 91 3 view .LVU14
  76 0024 019B     		ldr	r3, [sp, #4]
  77              	.LBE6:
  92:Src/stm32f0xx_hal_msp.c **** 
ARM GAS  /tmp/cc6EQfss.s 			page 4


  93:Src/stm32f0xx_hal_msp.c ****   /* System interrupt init*/
  94:Src/stm32f0xx_hal_msp.c **** 
  95:Src/stm32f0xx_hal_msp.c ****   /* USER CODE BEGIN MspInit 1 */
  96:Src/stm32f0xx_hal_msp.c **** 
  97:Src/stm32f0xx_hal_msp.c ****   /* USER CODE END MspInit 1 */
  98:Src/stm32f0xx_hal_msp.c **** }
  78              		.loc 1 98 1 is_stmt 0 view .LVU15
  79 0026 02B0     		add	sp, sp, #8
  80              		@ sp needed
  81 0028 7047     		bx	lr
  82              	.L4:
  83 002a C046     		.align	2
  84              	.L3:
  85 002c 00100240 		.word	1073876992
  86              		.cfi_endproc
  87              	.LFE37:
  89              		.text
  90              	.Letext0:
  91              		.file 2 "/usr/arm-none-eabi/include/machine/_default_types.h"
  92              		.file 3 "/usr/arm-none-eabi/include/sys/_stdint.h"
  93              		.file 4 "Drivers/CMSIS/Device/ST/STM32F0xx/Include/system_stm32f0xx.h"
  94              		.file 5 "Drivers/CMSIS/Device/ST/STM32F0xx/Include/stm32f030x8.h"
  95              		.file 6 "/usr/arm-none-eabi/include/sys/lock.h"
  96              		.file 7 "/usr/arm-none-eabi/include/sys/_types.h"
  97              		.file 8 "/usr/lib/gcc/arm-none-eabi/8.2.0/include/stddef.h"
  98              		.file 9 "/usr/arm-none-eabi/include/sys/reent.h"
ARM GAS  /tmp/cc6EQfss.s 			page 5


DEFINED SYMBOLS
                            *ABS*:0000000000000000 stm32f0xx_hal_msp.c
     /tmp/cc6EQfss.s:16     .text.HAL_MspInit:0000000000000000 $t
     /tmp/cc6EQfss.s:25     .text.HAL_MspInit:0000000000000000 HAL_MspInit
     /tmp/cc6EQfss.s:85     .text.HAL_MspInit:000000000000002c $d

NO UNDEFINED SYMBOLS
